INFO 2025-06-14 23:06:19,398 autoreload 24692 16084 Watching for file changes with StatReloader
INFO 2025-06-14 23:06:25,550 basehttp 24692 22684 "GET / HTTP/1.1" 200 62639
WARNING 2025-06-14 23:06:26,218 basehttp 24692 22684 "GET /static/sw.js HTTP/1.1" 404 1942
WARNING 2025-06-14 23:06:26,269 basehttp 24692 25720 "GET /static/site.webmanifest HTTP/1.1" 404 1975
INFO 2025-06-14 23:06:31,834 views 24692 23892 Created conversion job 85e1d900-ab1f-4bfb-b9cd-80485dfae699 for file qr-code (2).png
INFO 2025-06-14 23:06:31,843 views 24692 23892 Saved file to uploads/85e1d900-ab1f-4bfb-b9cd-80485dfae699_eaecfdf8.png
INFO 2025-06-14 23:06:32,016 views 24692 23892 Successfully converted image to PDF: C:\Users\manik\OneDrive\Desktop\pdf_to_jpg2\file_converter\media\converted\85e1d900-ab1f-4bfb-b9cd-80485dfae699_converted.pdf
INFO 2025-06-14 23:06:32,033 views 24692 23892 Conversion completed for job 85e1d900-ab1f-4bfb-b9cd-80485dfae699
INFO 2025-06-14 23:06:32,037 basehttp 24692 23892 "POST /upload/ HTTP/1.1" 200 250
INFO 2025-06-14 23:06:35,612 views 24692 8572 File 85e1d900-ab1f-4bfb-b9cd-80485dfae699_converted.pdf downloaded successfully
INFO 2025-06-14 23:06:35,617 basehttp 24692 8572 "GET /download/85e1d900-ab1f-4bfb-b9cd-80485dfae699/ HTTP/1.1" 200 80822
INFO 2025-06-14 23:11:59,734 basehttp 24692 25548 "GET / HTTP/1.1" 200 65581
WARNING 2025-06-14 23:12:00,558 basehttp 24692 25928 "GET /static/site.webmanifest HTTP/1.1" 404 1975
INFO 2025-06-14 23:12:13,309 views 24692 20600 Created conversion job 0eddda77-0540-47da-b991-fdec69d838ff for file qr-code (1).png
INFO 2025-06-14 23:12:13,325 views 24692 20600 Saved file to uploads/0eddda77-0540-47da-b991-fdec69d838ff_29c044f4.png
INFO 2025-06-14 23:12:13,477 views 24692 20600 Successfully converted image to PDF: C:\Users\manik\OneDrive\Desktop\pdf_to_jpg2\file_converter\media\converted\0eddda77-0540-47da-b991-fdec69d838ff_converted.pdf
INFO 2025-06-14 23:12:13,508 views 24692 20600 Conversion completed for job 0eddda77-0540-47da-b991-fdec69d838ff
INFO 2025-06-14 23:12:13,522 basehttp 24692 20600 "POST /upload/ HTTP/1.1" 200 250
INFO 2025-06-14 23:12:22,418 views 24692 2916 File 0eddda77-0540-47da-b991-fdec69d838ff_converted.pdf downloaded successfully
INFO 2025-06-14 23:12:22,418 basehttp 24692 2916 "GET /download/0eddda77-0540-47da-b991-fdec69d838ff/ HTTP/1.1" 200 4262
INFO 2025-06-14 23:20:15,096 basehttp 24692 27820 "GET / HTTP/1.1" 200 70794
WARNING 2025-06-14 23:20:16,985 basehttp 24692 19940 "GET /static/site.webmanifest HTTP/1.1" 404 1975
INFO 2025-06-14 23:20:29,849 views 24692 24492 Created conversion job fa708cf0-7e8e-416e-8c17-e65ae01990ee for file Sanjeev Kumar (2)_page1 (1).png
INFO 2025-06-14 23:20:29,860 views 24692 24492 Saved file to uploads/fa708cf0-7e8e-416e-8c17-e65ae01990ee_d1132588.png
INFO 2025-06-14 23:20:30,131 views 24692 24492 Successfully converted image to PDF: C:\Users\manik\OneDrive\Desktop\pdf_to_jpg2\file_converter\media\converted\fa708cf0-7e8e-416e-8c17-e65ae01990ee_converted.pdf
INFO 2025-06-14 23:20:30,150 views 24692 24492 Conversion completed for job fa708cf0-7e8e-416e-8c17-e65ae01990ee
INFO 2025-06-14 23:20:30,159 basehttp 24692 24492 "POST /upload/ HTTP/1.1" 200 266
INFO 2025-06-14 23:21:07,780 basehttp 24692 26256 "GET / HTTP/1.1" 200 70794
WARNING 2025-06-14 23:21:07,885 basehttp 24692 23440 "GET /static/site.webmanifest HTTP/1.1" 404 1975
INFO 2025-06-14 23:21:15,408 views 24692 26256 Created conversion job 8b946eaa-b469-40ea-8a60-120d5c246e7a for file qr-code-1 (1).png
INFO 2025-06-14 23:21:15,417 views 24692 26256 Saved file to uploads/8b946eaa-b469-40ea-8a60-120d5c246e7a_37b740ed.png
INFO 2025-06-14 23:21:15,471 views 24692 26256 Successfully converted image to PDF: C:\Users\manik\OneDrive\Desktop\pdf_to_jpg2\file_converter\media\converted\8b946eaa-b469-40ea-8a60-120d5c246e7a_converted.pdf
INFO 2025-06-14 23:21:15,488 views 24692 26256 Conversion completed for job 8b946eaa-b469-40ea-8a60-120d5c246e7a
INFO 2025-06-14 23:21:15,492 basehttp 24692 26256 "POST /upload/ HTTP/1.1" 200 252
INFO 2025-06-14 23:24:58,342 basehttp 24692 15224 "GET / HTTP/1.1" 200 71369
WARNING 2025-06-14 23:24:58,795 basehttp 24692 26464 "GET /static/site.webmanifest HTTP/1.1" 404 1975
INFO 2025-06-14 23:25:04,922 views 24692 25860 Created conversion job a621d019-5419-44f3-a04a-3128a0ce8cf4 for file qr-code (2).png
INFO 2025-06-14 23:25:04,930 views 24692 25860 Saved file to uploads/a621d019-5419-44f3-a04a-3128a0ce8cf4_a772a19f.png
INFO 2025-06-14 23:25:05,057 views 24692 25860 Successfully converted image to PDF: C:\Users\manik\OneDrive\Desktop\pdf_to_jpg2\file_converter\media\converted\a621d019-5419-44f3-a04a-3128a0ce8cf4_converted.pdf
INFO 2025-06-14 23:25:05,063 views 24692 25860 Conversion completed for job a621d019-5419-44f3-a04a-3128a0ce8cf4
INFO 2025-06-14 23:25:05,074 basehttp 24692 25860 "POST /upload/ HTTP/1.1" 200 250
INFO 2025-06-14 23:25:11,024 views 24692 25860 File a621d019-5419-44f3-a04a-3128a0ce8cf4_converted.pdf downloaded successfully
INFO 2025-06-14 23:25:11,024 basehttp 24692 25860 "GET /download/a621d019-5419-44f3-a04a-3128a0ce8cf4/ HTTP/1.1" 200 80823
INFO 2025-06-14 23:26:00,033 basehttp 24692 23804 "GET / HTTP/1.1" 200 74644
WARNING 2025-06-14 23:26:00,534 basehttp 24692 26512 "GET /static/site.webmanifest HTTP/1.1" 404 1975
INFO 2025-06-14 23:26:44,211 basehttp 24692 27704 "GET / HTTP/1.1" 200 71369
WARNING 2025-06-14 23:26:44,339 basehttp 24692 18348 "GET /static/site.webmanifest HTTP/1.1" 404 1975
ERROR 2025-06-14 23:34:06,138 log 24692 27820 Internal Server Error: /
Traceback (most recent call last):
  File "C:\Users\manik\AppData\Roaming\Python\Python312\site-packages\django\template\base.py", line 510, in parse
    compile_func = self.tags[command]
                   ~~~~~~~~~^^^^^^^^^
KeyError: 'endblock'

During handling of the above exception, another exception occurred:

Traceback (most recent call last):
  File "C:\Users\manik\AppData\Roaming\Python\Python312\site-packages\django\core\handlers\exception.py", line 55, in inner
    response = get_response(request)
               ^^^^^^^^^^^^^^^^^^^^^
  File "C:\Users\manik\AppData\Roaming\Python\Python312\site-packages\django\core\handlers\base.py", line 197, in _get_response
    response = wrapped_callback(request, *callback_args, **callback_kwargs)
               ^^^^^^^^^^^^^^^^^^^^^^^^^^^^^^^^^^^^^^^^^^^^^^^^^^^^^^^^^^^^
  File "C:\Users\manik\OneDrive\Desktop\pdf_to_jpg2\file_converter\converter\views.py", line 32, in home
    return render(request, 'converter/home.html')
           ^^^^^^^^^^^^^^^^^^^^^^^^^^^^^^^^^^^^^^
  File "C:\Users\manik\AppData\Roaming\Python\Python312\site-packages\django\shortcuts.py", line 25, in render
    content = loader.render_to_string(template_name, context, request, using=using)
              ^^^^^^^^^^^^^^^^^^^^^^^^^^^^^^^^^^^^^^^^^^^^^^^^^^^^^^^^^^^^^^^^^^^^^
  File "C:\Users\manik\AppData\Roaming\Python\Python312\site-packages\django\template\loader.py", line 61, in render_to_string
    template = get_template(template_name, using=using)
               ^^^^^^^^^^^^^^^^^^^^^^^^^^^^^^^^^^^^^^^^
  File "C:\Users\manik\AppData\Roaming\Python\Python312\site-packages\django\template\loader.py", line 15, in get_template
    return engine.get_template(template_name)
           ^^^^^^^^^^^^^^^^^^^^^^^^^^^^^^^^^^
  File "C:\Users\manik\AppData\Roaming\Python\Python312\site-packages\django\template\backends\django.py", line 79, in get_template
    return Template(self.engine.get_template(template_name), self)
                    ^^^^^^^^^^^^^^^^^^^^^^^^^^^^^^^^^^^^^^^
  File "C:\Users\manik\AppData\Roaming\Python\Python312\site-packages\django\template\engine.py", line 177, in get_template
    template, origin = self.find_template(template_name)
                       ^^^^^^^^^^^^^^^^^^^^^^^^^^^^^^^^^
  File "C:\Users\manik\AppData\Roaming\Python\Python312\site-packages\django\template\engine.py", line 159, in find_template
    template = loader.get_template(name, skip=skip)
               ^^^^^^^^^^^^^^^^^^^^^^^^^^^^^^^^^^^^
  File "C:\Users\manik\AppData\Roaming\Python\Python312\site-packages\django\template\loaders\cached.py", line 57, in get_template
    template = super().get_template(template_name, skip)
               ^^^^^^^^^^^^^^^^^^^^^^^^^^^^^^^^^^^^^^^^^
  File "C:\Users\manik\AppData\Roaming\Python\Python312\site-packages\django\template\loaders\base.py", line 28, in get_template
    return Template(
           ^^^^^^^^^
  File "C:\Users\manik\AppData\Roaming\Python\Python312\site-packages\django\template\base.py", line 154, in __init__
    self.nodelist = self.compile_nodelist()
                    ^^^^^^^^^^^^^^^^^^^^^^^
  File "C:\Users\manik\AppData\Roaming\Python\Python312\site-packages\django\template\base.py", line 196, in compile_nodelist
    nodelist = parser.parse()
               ^^^^^^^^^^^^^^
  File "C:\Users\manik\AppData\Roaming\Python\Python312\site-packages\django\template\base.py", line 518, in parse
    raise self.error(token, e)
  File "C:\Users\manik\AppData\Roaming\Python\Python312\site-packages\django\template\base.py", line 516, in parse
    compiled_result = compile_func(self, token)
                      ^^^^^^^^^^^^^^^^^^^^^^^^^
  File "C:\Users\manik\AppData\Roaming\Python\Python312\site-packages\django\template\loader_tags.py", line 299, in do_extends
    nodelist = parser.parse()
               ^^^^^^^^^^^^^^
  File "C:\Users\manik\AppData\Roaming\Python\Python312\site-packages\django\template\base.py", line 512, in parse
    self.invalid_block_tag(token, command, parse_until)
  File "C:\Users\manik\AppData\Roaming\Python\Python312\site-packages\django\template\base.py", line 577, in invalid_block_tag
    raise self.error(
django.template.exceptions.TemplateSyntaxError: Invalid block tag on line 2843: 'endblock'. Did you forget to register or load this tag?
ERROR 2025-06-14 23:34:06,153 basehttp 24692 27820 "GET / HTTP/1.1" 500 162156
INFO 2025-06-14 23:34:11,531 basehttp 24692 27820 "GET / HTTP/1.1" 200 104624
WARNING 2025-06-14 23:34:11,772 basehttp 24692 7676 "GET /static/site.webmanifest HTTP/1.1" 404 1975
INFO 2025-06-14 23:35:49,543 basehttp 24692 14076 "GET / HTTP/1.1" 200 71369
WARNING 2025-06-14 23:35:49,891 basehttp 24692 24228 "GET /static/site.webmanifest HTTP/1.1" 404 1975
INFO 2025-06-14 23:35:56,029 views 24692 23588 Created conversion job 2289a7c5-fc28-4362-ae35-8352964da72e for file qr_code (5).png
INFO 2025-06-14 23:35:56,050 views 24692 23588 Saved file to uploads/2289a7c5-fc28-4362-ae35-8352964da72e_414de219.png
INFO 2025-06-14 23:35:56,191 views 24692 23588 Successfully converted image to PDF: C:\Users\manik\OneDrive\Desktop\pdf_to_jpg2\file_converter\media\converted\2289a7c5-fc28-4362-ae35-8352964da72e_converted.pdf
INFO 2025-06-14 23:35:56,203 views 24692 23588 Conversion completed for job 2289a7c5-fc28-4362-ae35-8352964da72e
INFO 2025-06-14 23:35:56,206 basehttp 24692 23588 "POST /upload/ HTTP/1.1" 200 250
INFO 2025-06-14 23:35:58,124 views 24692 23588 File 2289a7c5-fc28-4362-ae35-8352964da72e_converted.pdf downloaded successfully
INFO 2025-06-14 23:35:58,124 basehttp 24692 23588 "GET /download/2289a7c5-fc28-4362-ae35-8352964da72e/ HTTP/1.1" 200 19196
INFO 2025-06-14 23:47:08,220 basehttp 24692 20820 "GET / HTTP/1.1" 200 92096
WARNING 2025-06-14 23:47:09,216 log 24692 20820 Not Found: /sw.js
WARNING 2025-06-14 23:47:09,221 basehttp 24692 20820 "GET /sw.js HTTP/1.1" 404 3606
WARNING 2025-06-14 23:47:09,255 basehttp 24692 6972 "GET /static/site.webmanifest HTTP/1.1" 404 1975
INFO 2025-06-14 23:47:32,138 views 24692 4100 Created conversion job a63cbc1c-a36a-4996-9200-790059680124 for file qr-code (2).png
INFO 2025-06-14 23:47:32,154 views 24692 4100 Saved file to uploads/a63cbc1c-a36a-4996-9200-790059680124_202e2902.png
INFO 2025-06-14 23:47:32,286 views 24692 4100 Successfully converted image to PDF: C:\Users\manik\OneDrive\Desktop\pdf_to_jpg2\file_converter\media\converted\a63cbc1c-a36a-4996-9200-790059680124_converted.pdf
INFO 2025-06-14 23:47:32,321 views 24692 4100 Conversion completed for job a63cbc1c-a36a-4996-9200-790059680124
INFO 2025-06-14 23:47:32,321 basehttp 24692 4100 "POST /upload/ HTTP/1.1" 200 250
INFO 2025-06-14 23:47:34,792 views 24692 21944 File a63cbc1c-a36a-4996-9200-790059680124_converted.pdf downloaded successfully
INFO 2025-06-14 23:47:34,794 basehttp 24692 21944 "GET /download/a63cbc1c-a36a-4996-9200-790059680124/ HTTP/1.1" 200 80823
INFO 2025-06-14 23:47:59,517 basehttp 24692 25432 "GET / HTTP/1.1" 200 92096
WARNING 2025-06-14 23:47:59,705 log 24692 25432 Not Found: /sw.js
WARNING 2025-06-14 23:47:59,705 basehttp 24692 24496 "GET /static/site.webmanifest HTTP/1.1" 404 1975
WARNING 2025-06-14 23:47:59,705 basehttp 24692 25432 "GET /sw.js HTTP/1.1" 404 3606
INFO 2025-06-14 23:48:06,704 basehttp 24692 27448 "GET / HTTP/1.1" 200 92096
WARNING 2025-06-14 23:48:06,803 log 24692 27448 Not Found: /sw.js
WARNING 2025-06-14 23:48:06,803 basehttp 24692 27448 "GET /sw.js HTTP/1.1" 404 3606
WARNING 2025-06-14 23:48:06,823 basehttp 24692 7224 "GET /static/site.webmanifest HTTP/1.1" 404 1975
INFO 2025-06-14 23:48:33,525 views 24692 25504 Created conversion job 1312b96e-a938-40bc-8f77-7f80736f3400 for file larnwell_education_page_1.png
INFO 2025-06-14 23:48:33,525 views 24692 25504 Saved file to uploads/1312b96e-a938-40bc-8f77-7f80736f3400_82f41731.png
INFO 2025-06-14 23:48:33,759 views 24692 25504 Successfully converted image to PDF: C:\Users\manik\OneDrive\Desktop\pdf_to_jpg2\file_converter\media\converted\1312b96e-a938-40bc-8f77-7f80736f3400_converted.pdf
INFO 2025-06-14 23:48:33,791 views 24692 25504 Conversion completed for job 1312b96e-a938-40bc-8f77-7f80736f3400
INFO 2025-06-14 23:48:33,793 basehttp 24692 25504 "POST /upload/ HTTP/1.1" 200 264
INFO 2025-06-14 23:48:35,576 views 24692 8860 File 1312b96e-a938-40bc-8f77-7f80736f3400_converted.pdf downloaded successfully
INFO 2025-06-14 23:48:35,579 basehttp 24692 8860 "GET /download/1312b96e-a938-40bc-8f77-7f80736f3400/ HTTP/1.1" 200 674551
INFO 2025-06-14 23:49:04,594 autoreload 9684 12968 Watching for file changes with StatReloader
INFO 2025-06-14 23:49:07,488 basehttp 9684 23368 "GET / HTTP/1.1" 200 92096
WARNING 2025-06-14 23:49:07,928 log 9684 23368 Not Found: /sw.js
WARNING 2025-06-14 23:49:07,929 basehttp 9684 23368 "GET /sw.js HTTP/1.1" 404 3606
WARNING 2025-06-14 23:49:07,950 basehttp 9684 25288 "GET /static/site.webmanifest HTTP/1.1" 404 1975
INFO 2025-06-14 23:49:10,846 basehttp 9684 23368 "GET / HTTP/1.1" 200 92096
WARNING 2025-06-14 23:49:10,940 log 9684 23368 Not Found: /sw.js
WARNING 2025-06-14 23:49:10,941 basehttp 9684 5952 "GET /static/site.webmanifest HTTP/1.1" 404 1975
WARNING 2025-06-14 23:49:10,941 basehttp 9684 23368 "GET /sw.js HTTP/1.1" 404 3606
INFO 2025-06-14 23:49:12,215 basehttp 9684 23368 "GET / HTTP/1.1" 200 92096
WARNING 2025-06-14 23:49:12,304 log 9684 23368 Not Found: /sw.js
WARNING 2025-06-14 23:49:12,305 basehttp 9684 14428 "GET /static/site.webmanifest HTTP/1.1" 404 1975
WARNING 2025-06-14 23:49:12,305 basehttp 9684 23368 "GET /sw.js HTTP/1.1" 404 3606
INFO 2025-06-14 23:49:12,917 basehttp 9684 23368 "GET / HTTP/1.1" 200 92096
WARNING 2025-06-14 23:49:13,007 log 9684 23368 Not Found: /sw.js
WARNING 2025-06-14 23:49:13,008 basehttp 9684 23368 "GET /sw.js HTTP/1.1" 404 3606
WARNING 2025-06-14 23:49:13,008 basehttp 9684 5384 "GET /static/site.webmanifest HTTP/1.1" 404 1975
INFO 2025-06-14 23:49:20,590 views 9684 19356 Created conversion job 8958ba42-177a-4d52-beb1-bed060706a68 for file qr_code.png
INFO 2025-06-14 23:49:20,603 views 9684 19356 Saved file to uploads/8958ba42-177a-4d52-beb1-bed060706a68_46a34447.png
INFO 2025-06-14 23:49:20,741 views 9684 19356 Successfully converted image to PDF: C:\Users\manik\OneDrive\Desktop\pdf_to_jpg2\file_converter\media\converted\8958ba42-177a-4d52-beb1-bed060706a68_converted.pdf
INFO 2025-06-14 23:49:20,758 views 9684 19356 Conversion completed for job 8958ba42-177a-4d52-beb1-bed060706a68
INFO 2025-06-14 23:49:20,758 basehttp 9684 19356 "POST /upload/ HTTP/1.1" 200 246
INFO 2025-06-14 23:49:22,938 views 9684 19356 File 8958ba42-177a-4d52-beb1-bed060706a68_converted.pdf downloaded successfully
INFO 2025-06-14 23:49:22,938 basehttp 9684 19356 "GET /download/8958ba42-177a-4d52-beb1-bed060706a68/ HTTP/1.1" 200 18637
INFO 2025-06-14 23:49:38,524 basehttp 9684 25920 "GET / HTTP/1.1" 200 92096
WARNING 2025-06-14 23:49:38,607 log 9684 25920 Not Found: /sw.js
WARNING 2025-06-14 23:49:38,607 basehttp 9684 17892 "GET /static/site.webmanifest HTTP/1.1" 404 1975
WARNING 2025-06-14 23:49:38,607 basehttp 9684 25920 "GET /sw.js HTTP/1.1" 404 3606
INFO 2025-06-14 23:49:49,618 basehttp 9684 15668 "GET / HTTP/1.1" 200 71369
WARNING 2025-06-14 23:49:49,708 basehttp 9684 25608 "GET /static/site.webmanifest HTTP/1.1" 404 1975
INFO 2025-06-14 23:49:59,034 views 9684 14656 Created conversion job df7840c6-d3a7-4b38-83c1-e9f7040e98f5 for file larnwell_education_page1 (3).png
INFO 2025-06-14 23:49:59,070 views 9684 14656 Saved file to uploads/df7840c6-d3a7-4b38-83c1-e9f7040e98f5_4be2b217.png
INFO 2025-06-14 23:49:59,342 views 9684 14656 Successfully converted image to PDF: C:\Users\manik\OneDrive\Desktop\pdf_to_jpg2\file_converter\media\converted\df7840c6-d3a7-4b38-83c1-e9f7040e98f5_converted.pdf
INFO 2025-06-14 23:49:59,362 views 9684 14656 Conversion completed for job df7840c6-d3a7-4b38-83c1-e9f7040e98f5
INFO 2025-06-14 23:49:59,367 basehttp 9684 14656 "POST /upload/ HTTP/1.1" 200 267
INFO 2025-06-14 23:50:02,217 views 9684 28512 File df7840c6-d3a7-4b38-83c1-e9f7040e98f5_converted.pdf downloaded successfully
INFO 2025-06-14 23:50:02,217 basehttp 9684 28512 "GET /download/df7840c6-d3a7-4b38-83c1-e9f7040e98f5/ HTTP/1.1" 200 223061
INFO 2025-06-14 23:50:18,430 basehttp 9684 28488 "GET / HTTP/1.1" 200 92096
WARNING 2025-06-14 23:50:18,526 log 9684 28488 Not Found: /sw.js
WARNING 2025-06-14 23:50:18,533 basehttp 9684 7664 "GET /static/site.webmanifest HTTP/1.1" 404 1975
WARNING 2025-06-14 23:50:18,534 basehttp 9684 28488 "GET /sw.js HTTP/1.1" 404 3606
INFO 2025-06-14 23:50:24,072 views 9684 28488 Created conversion job 7797ba69-d644-4ed0-9e40-ced7bbd770a6 for file qrcode (1).png
INFO 2025-06-14 23:50:24,082 views 9684 28488 Saved file to uploads/7797ba69-d644-4ed0-9e40-ced7bbd770a6_8d0a2ef4.png
INFO 2025-06-14 23:50:24,194 views 9684 28488 Successfully converted image to PDF: C:\Users\manik\OneDrive\Desktop\pdf_to_jpg2\file_converter\media\converted\7797ba69-d644-4ed0-9e40-ced7bbd770a6_converted.pdf
INFO 2025-06-14 23:50:24,215 views 9684 28488 Conversion completed for job 7797ba69-d644-4ed0-9e40-ced7bbd770a6
INFO 2025-06-14 23:50:24,215 basehttp 9684 28488 "POST /upload/ HTTP/1.1" 200 249
INFO 2025-06-14 23:50:28,214 views 9684 25416 File 7797ba69-d644-4ed0-9e40-ced7bbd770a6_converted.pdf downloaded successfully
INFO 2025-06-14 23:50:28,214 basehttp 9684 25416 "GET /download/7797ba69-d644-4ed0-9e40-ced7bbd770a6/ HTTP/1.1" 200 56595
INFO 2025-06-14 23:55:31,122 basehttp 9684 26124 "GET / HTTP/1.1" 200 90935
WARNING 2025-06-14 23:55:31,874 log 9684 26124 Not Found: /sw.js
WARNING 2025-06-14 23:55:31,874 basehttp 9684 26124 "GET /sw.js HTTP/1.1" 404 3606
INFO 2025-06-14 23:55:39,082 views 9684 25820 Created conversion job c25bd564-7250-4662-804b-db31d56a1f3e for file qr-code (1).png
INFO 2025-06-14 23:55:39,112 views 9684 25820 Saved file to uploads/c25bd564-7250-4662-804b-db31d56a1f3e_5647f2bb.png
INFO 2025-06-14 23:55:39,211 views 9684 25820 Successfully converted image to PDF: C:\Users\manik\OneDrive\Desktop\pdf_to_jpg2\file_converter\media\converted\c25bd564-7250-4662-804b-db31d56a1f3e_converted.pdf
INFO 2025-06-14 23:55:39,226 views 9684 25820 Conversion completed for job c25bd564-7250-4662-804b-db31d56a1f3e
INFO 2025-06-14 23:55:39,226 basehttp 9684 25820 "POST /upload/ HTTP/1.1" 200 250
INFO 2025-06-14 23:55:41,040 views 9684 25820 File c25bd564-7250-4662-804b-db31d56a1f3e_converted.pdf downloaded successfully
INFO 2025-06-14 23:55:41,040 basehttp 9684 25820 "GET /download/c25bd564-7250-4662-804b-db31d56a1f3e/ HTTP/1.1" 200 4261
INFO 2025-06-15 00:01:16,776 basehttp 9684 28500 "GET / HTTP/1.1" 200 114871
WARNING 2025-06-15 00:01:17,100 log 9684 28500 Not Found: /sw.js
WARNING 2025-06-15 00:01:17,103 basehttp 9684 28500 "GET /sw.js HTTP/1.1" 404 3606
INFO 2025-06-15 00:01:25,517 views 9684 28500 Created conversion job b0b20dad-90f8-4b3e-addd-00932295c8fe for file qr-code (1).png
INFO 2025-06-15 00:01:25,543 views 9684 28500 Saved file to uploads/b0b20dad-90f8-4b3e-addd-00932295c8fe_4bf5711f.png
INFO 2025-06-15 00:01:25,643 views 9684 28500 Successfully converted image to PDF: C:\Users\manik\OneDrive\Desktop\pdf_to_jpg2\file_converter\media\converted\b0b20dad-90f8-4b3e-addd-00932295c8fe_converted.pdf
INFO 2025-06-15 00:01:25,663 views 9684 28500 Conversion completed for job b0b20dad-90f8-4b3e-addd-00932295c8fe
INFO 2025-06-15 00:01:25,676 basehttp 9684 28500 "POST /upload/ HTTP/1.1" 200 250
INFO 2025-06-15 00:01:30,253 views 9684 19228 File b0b20dad-90f8-4b3e-addd-00932295c8fe_converted.pdf downloaded successfully
INFO 2025-06-15 00:01:30,255 basehttp 9684 19228 "GET /download/b0b20dad-90f8-4b3e-addd-00932295c8fe/ HTTP/1.1" 200 4264
WARNING 2025-06-15 00:02:05,858 log 9684 18240 Not Found: /sw.js
WARNING 2025-06-15 00:02:05,878 basehttp 9684 18240 "GET /sw.js HTTP/1.1" 404 3606
INFO 2025-06-15 00:02:12,640 views 9684 22884 Created conversion job dc63b1b1-9e7f-480b-b627-e70d4c11f78e for file qr_code (5).png
INFO 2025-06-15 00:02:12,655 views 9684 22884 Saved file to uploads/dc63b1b1-9e7f-480b-b627-e70d4c11f78e_c1cb1007.png
INFO 2025-06-15 00:02:12,738 views 9684 22884 Successfully converted image to PDF: C:\Users\manik\OneDrive\Desktop\pdf_to_jpg2\file_converter\media\converted\dc63b1b1-9e7f-480b-b627-e70d4c11f78e_converted.pdf
INFO 2025-06-15 00:02:12,772 views 9684 22884 Conversion completed for job dc63b1b1-9e7f-480b-b627-e70d4c11f78e
INFO 2025-06-15 00:02:12,774 basehttp 9684 22884 "POST /upload/ HTTP/1.1" 200 250
INFO 2025-06-15 00:02:14,328 views 9684 22884 File dc63b1b1-9e7f-480b-b627-e70d4c11f78e_converted.pdf downloaded successfully
INFO 2025-06-15 00:02:14,330 basehttp 9684 22884 "GET /download/dc63b1b1-9e7f-480b-b627-e70d4c11f78e/ HTTP/1.1" 200 19196
INFO 2025-06-15 00:02:35,113 basehttp 9684 23948 "GET / HTTP/1.1" 200 90934
WARNING 2025-06-15 00:02:35,193 log 9684 23948 Not Found: /sw.js
WARNING 2025-06-15 00:02:35,196 basehttp 9684 23948 "GET /sw.js HTTP/1.1" 404 3606
INFO 2025-06-15 00:02:40,554 views 9684 23948 Created conversion job e7d81a1e-23a6-49d2-9014-fb9823aeb352 for file qr-code (2).png
INFO 2025-06-15 00:02:40,557 views 9684 23948 Saved file to uploads/e7d81a1e-23a6-49d2-9014-fb9823aeb352_42a4e98f.png
INFO 2025-06-15 00:02:40,659 views 9684 23948 Successfully converted image to PDF: C:\Users\manik\OneDrive\Desktop\pdf_to_jpg2\file_converter\media\converted\e7d81a1e-23a6-49d2-9014-fb9823aeb352_converted.pdf
INFO 2025-06-15 00:02:40,672 views 9684 23948 Conversion completed for job e7d81a1e-23a6-49d2-9014-fb9823aeb352
INFO 2025-06-15 00:02:40,672 basehttp 9684 23948 "POST /upload/ HTTP/1.1" 200 250
INFO 2025-06-15 00:02:42,112 views 9684 24344 File e7d81a1e-23a6-49d2-9014-fb9823aeb352_converted.pdf downloaded successfully
INFO 2025-06-15 00:02:42,113 basehttp 9684 24344 "GET /download/e7d81a1e-23a6-49d2-9014-fb9823aeb352/ HTTP/1.1" 200 80823
INFO 2025-06-15 00:03:30,982 basehttp 9684 5328 "GET / HTTP/1.1" 200 91803
WARNING 2025-06-15 00:03:31,186 log 9684 14704 Not Found: /sw.js
WARNING 2025-06-15 00:03:31,187 basehttp 9684 14704 "GET /sw.js HTTP/1.1" 404 3606
INFO 2025-06-15 00:03:35,814 views 9684 14704 Created conversion job 4655b4af-f3ac-4404-b392-5bc1c7f98977 for file qr_code (4)_compressed.png
INFO 2025-06-15 00:03:35,829 views 9684 14704 Saved file to uploads/4655b4af-f3ac-4404-b392-5bc1c7f98977_3e508e23.png
INFO 2025-06-15 00:03:35,898 views 9684 14704 Successfully converted image to PDF: C:\Users\manik\OneDrive\Desktop\pdf_to_jpg2\file_converter\media\converted\4655b4af-f3ac-4404-b392-5bc1c7f98977_converted.pdf
INFO 2025-06-15 00:03:35,915 views 9684 14704 Conversion completed for job 4655b4af-f3ac-4404-b392-5bc1c7f98977
INFO 2025-06-15 00:03:35,915 basehttp 9684 14704 "POST /upload/ HTTP/1.1" 200 261
INFO 2025-06-15 00:03:37,391 views 9684 14704 File 4655b4af-f3ac-4404-b392-5bc1c7f98977_converted.pdf downloaded successfully
INFO 2025-06-15 00:03:37,395 basehttp 9684 14704 "GET /download/4655b4af-f3ac-4404-b392-5bc1c7f98977/ HTTP/1.1" 200 18511
INFO 2025-06-15 00:04:04,691 basehttp 9684 26560 "GET / HTTP/1.1" 200 91803
WARNING 2025-06-15 00:04:05,306 log 9684 26560 Not Found: /sw.js
WARNING 2025-06-15 00:04:05,309 basehttp 9684 26560 "GET /sw.js HTTP/1.1" 404 3606
INFO 2025-06-15 00:04:11,301 views 9684 25168 Created conversion job ff2ae832-c5e9-4f94-8c2c-bde22496893e for file qr-code (1).png
INFO 2025-06-15 00:04:11,306 views 9684 25168 Saved file to uploads/ff2ae832-c5e9-4f94-8c2c-bde22496893e_bc151fe8.png
INFO 2025-06-15 00:04:11,363 views 9684 25168 Successfully converted image to PDF: C:\Users\manik\OneDrive\Desktop\pdf_to_jpg2\file_converter\media\converted\ff2ae832-c5e9-4f94-8c2c-bde22496893e_converted.pdf
INFO 2025-06-15 00:04:11,373 views 9684 25168 Conversion completed for job ff2ae832-c5e9-4f94-8c2c-bde22496893e
INFO 2025-06-15 00:04:11,389 basehttp 9684 25168 "POST /upload/ HTTP/1.1" 200 250
INFO 2025-06-15 00:04:12,726 views 9684 25168 File ff2ae832-c5e9-4f94-8c2c-bde22496893e_converted.pdf downloaded successfully
INFO 2025-06-15 00:04:12,733 basehttp 9684 25168 "GET /download/ff2ae832-c5e9-4f94-8c2c-bde22496893e/ HTTP/1.1" 200 4261
ERROR 2025-06-15 00:04:43,338 log 9684 28576 Internal Server Error: /
Traceback (most recent call last):
  File "C:\Users\manik\AppData\Roaming\Python\Python312\site-packages\django\template\base.py", line 510, in parse
    compile_func = self.tags[command]
                   ~~~~~~~~~^^^^^^^^^
KeyError: 'endblock'

During handling of the above exception, another exception occurred:

Traceback (most recent call last):
  File "C:\Users\manik\AppData\Roaming\Python\Python312\site-packages\django\core\handlers\exception.py", line 55, in inner
    response = get_response(request)
               ^^^^^^^^^^^^^^^^^^^^^
  File "C:\Users\manik\AppData\Roaming\Python\Python312\site-packages\django\core\handlers\base.py", line 197, in _get_response
    response = wrapped_callback(request, *callback_args, **callback_kwargs)
               ^^^^^^^^^^^^^^^^^^^^^^^^^^^^^^^^^^^^^^^^^^^^^^^^^^^^^^^^^^^^
  File "C:\Users\manik\OneDrive\Desktop\pdf_to_jpg2\file_converter\converter\views.py", line 32, in home
    return render(request, 'converter/home.html')
           ^^^^^^^^^^^^^^^^^^^^^^^^^^^^^^^^^^^^^^
  File "C:\Users\manik\AppData\Roaming\Python\Python312\site-packages\django\shortcuts.py", line 25, in render
    content = loader.render_to_string(template_name, context, request, using=using)
              ^^^^^^^^^^^^^^^^^^^^^^^^^^^^^^^^^^^^^^^^^^^^^^^^^^^^^^^^^^^^^^^^^^^^^
  File "C:\Users\manik\AppData\Roaming\Python\Python312\site-packages\django\template\loader.py", line 61, in render_to_string
    template = get_template(template_name, using=using)
               ^^^^^^^^^^^^^^^^^^^^^^^^^^^^^^^^^^^^^^^^
  File "C:\Users\manik\AppData\Roaming\Python\Python312\site-packages\django\template\loader.py", line 15, in get_template
    return engine.get_template(template_name)
           ^^^^^^^^^^^^^^^^^^^^^^^^^^^^^^^^^^
  File "C:\Users\manik\AppData\Roaming\Python\Python312\site-packages\django\template\backends\django.py", line 79, in get_template
    return Template(self.engine.get_template(template_name), self)
                    ^^^^^^^^^^^^^^^^^^^^^^^^^^^^^^^^^^^^^^^
  File "C:\Users\manik\AppData\Roaming\Python\Python312\site-packages\django\template\engine.py", line 177, in get_template
    template, origin = self.find_template(template_name)
                       ^^^^^^^^^^^^^^^^^^^^^^^^^^^^^^^^^
  File "C:\Users\manik\AppData\Roaming\Python\Python312\site-packages\django\template\engine.py", line 159, in find_template
    template = loader.get_template(name, skip=skip)
               ^^^^^^^^^^^^^^^^^^^^^^^^^^^^^^^^^^^^
  File "C:\Users\manik\AppData\Roaming\Python\Python312\site-packages\django\template\loaders\cached.py", line 57, in get_template
    template = super().get_template(template_name, skip)
               ^^^^^^^^^^^^^^^^^^^^^^^^^^^^^^^^^^^^^^^^^
  File "C:\Users\manik\AppData\Roaming\Python\Python312\site-packages\django\template\loaders\base.py", line 28, in get_template
    return Template(
           ^^^^^^^^^
  File "C:\Users\manik\AppData\Roaming\Python\Python312\site-packages\django\template\base.py", line 154, in __init__
    self.nodelist = self.compile_nodelist()
                    ^^^^^^^^^^^^^^^^^^^^^^^
  File "C:\Users\manik\AppData\Roaming\Python\Python312\site-packages\django\template\base.py", line 196, in compile_nodelist
    nodelist = parser.parse()
               ^^^^^^^^^^^^^^
  File "C:\Users\manik\AppData\Roaming\Python\Python312\site-packages\django\template\base.py", line 518, in parse
    raise self.error(token, e)
  File "C:\Users\manik\AppData\Roaming\Python\Python312\site-packages\django\template\base.py", line 516, in parse
    compiled_result = compile_func(self, token)
                      ^^^^^^^^^^^^^^^^^^^^^^^^^
  File "C:\Users\manik\AppData\Roaming\Python\Python312\site-packages\django\template\loader_tags.py", line 299, in do_extends
    nodelist = parser.parse()
               ^^^^^^^^^^^^^^
  File "C:\Users\manik\AppData\Roaming\Python\Python312\site-packages\django\template\base.py", line 512, in parse
    self.invalid_block_tag(token, command, parse_until)
  File "C:\Users\manik\AppData\Roaming\Python\Python312\site-packages\django\template\base.py", line 577, in invalid_block_tag
    raise self.error(
django.template.exceptions.TemplateSyntaxError: Invalid block tag on line 2515: 'endblock'. Did you forget to register or load this tag?
ERROR 2025-06-15 00:04:43,354 basehttp 9684 28576 "GET / HTTP/1.1" 500 162396
INFO 2025-06-15 00:04:50,051 basehttp 9684 28576 "GET / HTTP/1.1" 200 97780
WARNING 2025-06-15 00:04:50,170 log 9684 28576 Not Found: /sw.js
WARNING 2025-06-15 00:04:50,171 basehttp 9684 28576 "GET /sw.js HTTP/1.1" 404 3606
INFO 2025-06-15 00:04:54,441 views 9684 21308 Created conversion job 1d29cc9c-27aa-453d-8388-e07e2c9422c5 for file bitly-qr-code.png
INFO 2025-06-15 00:04:54,462 views 9684 21308 Saved file to uploads/1d29cc9c-27aa-453d-8388-e07e2c9422c5_abca78c1.png
INFO 2025-06-15 00:04:54,628 views 9684 21308 Successfully converted image to PDF: C:\Users\manik\OneDrive\Desktop\pdf_to_jpg2\file_converter\media\converted\1d29cc9c-27aa-453d-8388-e07e2c9422c5_converted.pdf
INFO 2025-06-15 00:04:54,644 views 9684 21308 Conversion completed for job 1d29cc9c-27aa-453d-8388-e07e2c9422c5
INFO 2025-06-15 00:04:54,650 basehttp 9684 21308 "POST /upload/ HTTP/1.1" 200 252
INFO 2025-06-15 00:04:56,052 views 9684 21308 File 1d29cc9c-27aa-453d-8388-e07e2c9422c5_converted.pdf downloaded successfully
INFO 2025-06-15 00:04:56,052 basehttp 9684 21308 "GET /download/1d29cc9c-27aa-453d-8388-e07e2c9422c5/ HTTP/1.1" 200 56714
INFO 2025-06-15 00:08:06,644 basehttp 9684 23476 "GET / HTTP/1.1" 200 97780
WARNING 2025-06-15 00:08:06,885 log 9684 23476 Not Found: /sw.js
WARNING 2025-06-15 00:08:06,886 basehttp 9684 23476 "GET /sw.js HTTP/1.1" 404 3606
INFO 2025-06-15 00:24:42,410 basehttp 9684 28660 "GET / HTTP/1.1" 200 100472
INFO 2025-06-15 00:25:01,884 views 9684 25240 Created conversion job bda120b9-c3b7-4d37-81ed-0f8d0cc8cea5 for file qr-code (2).png
INFO 2025-06-15 00:25:01,902 views 9684 25240 Saved file to uploads/bda120b9-c3b7-4d37-81ed-0f8d0cc8cea5_356fc9d9.png
INFO 2025-06-15 00:25:02,034 views 9684 25240 Successfully converted image to PDF: C:\Users\manik\OneDrive\Desktop\pdf_to_jpg2\file_converter\media\converted\bda120b9-c3b7-4d37-81ed-0f8d0cc8cea5_converted.pdf
INFO 2025-06-15 00:25:02,048 views 9684 25240 Conversion completed for job bda120b9-c3b7-4d37-81ed-0f8d0cc8cea5
INFO 2025-06-15 00:25:02,050 basehttp 9684 25240 "POST /upload/ HTTP/1.1" 200 250
INFO 2025-06-15 00:25:04,094 views 9684 26864 File bda120b9-c3b7-4d37-81ed-0f8d0cc8cea5_converted.pdf downloaded successfully
INFO 2025-06-15 00:25:04,096 basehttp 9684 26864 "GET /download/bda120b9-c3b7-4d37-81ed-0f8d0cc8cea5/ HTTP/1.1" 200 80822
INFO 2025-06-15 00:25:32,315 basehttp 9684 2000 "GET / HTTP/1.1" 200 100472
INFO 2025-06-15 00:26:31,057 basehttp 9684 27908 "GET / HTTP/1.1" 200 100472
INFO 2025-06-15 02:46:45,302 autoreload 9684 12968 C:\Users\manik\OneDrive\Desktop\pdf_to_jpg2\file_converter\converter\views.py changed, reloading.
INFO 2025-06-15 02:46:47,224 autoreload 26804 25056 Watching for file changes with StatReloader
INFO 2025-06-15 02:50:16,944 autoreload 26804 25056 C:\Users\manik\OneDrive\Desktop\pdf_to_jpg2\file_converter\file_converter\settings.py changed, reloading.
INFO 2025-06-15 02:50:18,322 autoreload 24412 9792 Watching for file changes with StatReloader
INFO 2025-06-15 02:50:57,832 autoreload 24412 9792 C:\Users\manik\OneDrive\Desktop\pdf_to_jpg2\file_converter\converter\urls.py changed, reloading.
INFO 2025-06-15 02:50:58,740 autoreload 8616 14704 Watching for file changes with StatReloader
INFO 2025-06-15 02:51:30,393 autoreload 8616 14704 C:\Users\manik\OneDrive\Desktop\pdf_to_jpg2\file_converter\converter\views.py changed, reloading.
INFO 2025-06-15 02:51:32,091 autoreload 24640 4348 Watching for file changes with StatReloader
INFO 2025-06-15 02:51:38,768 autoreload 24640 4348 C:\Users\manik\OneDrive\Desktop\pdf_to_jpg2\file_converter\converter\views.py changed, reloading.
INFO 2025-06-15 02:51:39,642 autoreload 13412 15920 Watching for file changes with StatReloader
INFO 2025-06-15 02:53:17,117 autoreload 19308 21608 Watching for file changes with StatReloader
INFO 2025-06-15 02:53:24,025 basehttp 19308 23236 "GET / HTTP/1.1" 200 100472
INFO 2025-06-15 02:54:21,497 basehttp 19308 2000 "GET / HTTP/1.1" 200 100267
INFO 2025-06-15 02:54:27,814 basehttp 19308 2000 "GET /contact-us/ HTTP/1.1" 200 50768
INFO 2025-06-15 02:54:31,826 basehttp 19308 23048 "GET / HTTP/1.1" 200 100267
INFO 2025-06-15 02:55:43,307 basehttp 19308 11684 "GET / HTTP/1.1" 200 104113
INFO 2025-06-15 02:55:54,621 basehttp 19308 25224 "GET / HTTP/1.1" 200 99194
INFO 2025-06-15 02:56:08,753 basehttp 19308 18124 "GET / HTTP/1.1" 200 100060
INFO 2025-06-15 02:56:13,051 basehttp 19308 18124 "GET /contact-us/ HTTP/1.1" 200 50561
INFO 2025-06-15 02:56:14,006 basehttp 19308 10916 "GET / HTTP/1.1" 200 100060
INFO 2025-06-15 02:56:14,784 basehttp 19308 10916 "GET / HTTP/1.1" 200 100060
INFO 2025-06-15 02:57:42,854 basehttp 19308 24140 "GET / HTTP/1.1" 200 103374
INFO 2025-06-15 02:57:53,030 basehttp 19308 22260 "GET / HTTP/1.1" 200 103374
INFO 2025-06-15 02:58:38,701 basehttp 19308 16076 "GET / HTTP/1.1" 200 114147
INFO 2025-06-15 02:58:56,341 basehttp 19308 8628 "GET / HTTP/1.1" 200 100060
INFO 2025-06-15 03:03:26,002 basehttp 19308 25388 "GET / HTTP/1.1" 200 117495
INFO 2025-06-15 03:04:02,953 basehttp 19308 26044 "GET /contact-us/ HTTP/1.1" 200 67996
WARNING 2025-06-15 03:04:32,507 log 19308 21856 Bad Request: /contact/submit/
WARNING 2025-06-15 03:04:32,508 basehttp 19308 21856 "POST /contact/submit/ HTTP/1.1" 400 75
ERROR 2025-06-15 03:04:55,641 views 19308 1260 Failed to send contact form email: (535, b'5.7.8 Username and Password not accepted. For more information, go to\n5.7.8  https://support.google.com/mail/?p=BadCredentials d9443c01a7336-2365de781b1sm34653205ad.89 - gsmtp')
INFO 2025-06-15 03:04:55,651 basehttp 19308 1260 "POST /contact/submit/ HTTP/1.1" 200 92
INFO 2025-06-15 03:06:56,764 autoreload 19308 21608 C:\Users\manik\OneDrive\Desktop\pdf_to_jpg2\file_converter\file_converter\settings.py changed, reloading.
INFO 2025-06-15 03:06:59,579 autoreload 28448 13716 Watching for file changes with StatReloader
INFO 2025-06-15 03:07:00,916 basehttp 28448 15872 "GET /contact-us/ HTTP/1.1" 200 67996
INFO 2025-06-15 03:07:22,404 views 28448 27104 Contact form submitted successfully: privacy_question from mani87@gmail.com
INFO 2025-06-15 03:07:22,421 basehttp 28448 27104 "POST /contact/submit/ HTTP/1.1" 200 92
INFO 2025-06-15 03:08:11,990 basehttp 28448 13732 "GET / HTTP/1.1" 200 117495
INFO 2025-06-15 03:08:14,507 basehttp 28448 13732 "GET / HTTP/1.1" 200 117495
INFO 2025-06-15 03:08:18,923 basehttp 28448 13732 "GET / HTTP/1.1" 200 117495
INFO 2025-06-15 03:08:21,923 basehttp 28448 20496 "GET /terms-of-service/ HTTP/1.1" 200 63998
INFO 2025-06-15 03:08:39,731 basehttp 28448 2240 "GET /privacy-policy/ HTTP/1.1" 200 60433
INFO 2025-06-15 03:08:48,066 basehttp 28448 2240 "GET / HTTP/1.1" 200 117495
INFO 2025-06-15 03:09:00,910 basehttp 28448 24072 "GET / HTTP/1.1" 200 100060
INFO 2025-06-15 03:13:02,276 basehttp 28448 7044 "GET / HTTP/1.1" 200 98770
INFO 2025-06-15 03:13:15,991 basehttp 28448 27376 "GET /contact-us/ HTTP/1.1" 200 49271
INFO 2025-06-15 03:13:45,249 views 28448 25448 Contact form submitted successfully: bug_report from mani87y@gmail.com
INFO 2025-06-15 03:13:45,269 basehttp 28448 25448 "POST /contact/submit/ HTTP/1.1" 200 92
INFO 2025-06-15 03:14:44,376 basehttp 28448 9644 "GET /contact-us/ HTTP/1.1" 200 50561
INFO 2025-06-15 03:16:20,498 basehttp 28448 14736 "GET /contact-us/ HTTP/1.1" 200 49271
INFO 2025-06-15 03:16:49,185 views 28448 5552 Contact form submitted successfully: other from mani87y@gmail.com
INFO 2025-06-15 03:16:49,201 basehttp 28448 5552 "POST /contact/submit/ HTTP/1.1" 200 92
INFO 2025-06-15 03:20:31,242 basehttp 28448 25264 - Broken pipe from ('127.0.0.1', 53680)
INFO 2025-06-15 03:20:32,549 basehttp 28448 12400 "GET /contact-us/ HTTP/1.1" 200 49290
INFO 2025-06-15 03:20:32,981 basehttp 28448 12400 "GET / HTTP/1.1" 200 98789
INFO 2025-06-15 03:20:37,335 basehttp 28448 12400 "GET /contact-us/ HTTP/1.1" 200 49290
INFO 2025-06-15 03:20:41,451 basehttp 28448 26620 "GET /terms-of-service HTTP/1.1" 301 0
INFO 2025-06-15 03:20:41,560 basehttp 28448 19284 "GET /terms-of-service/ HTTP/1.1" 200 45292
INFO 2025-06-15 03:20:44,644 basehttp 28448 19284 "GET /privacy-policy HTTP/1.1" 301 0
INFO 2025-06-15 03:20:44,699 basehttp 28448 19756 "GET /privacy-policy/ HTTP/1.1" 200 41727
INFO 2025-06-15 03:20:52,172 basehttp 28448 25504 - Broken pipe from ('127.0.0.1', 53709)
INFO 2025-06-15 03:20:52,172 basehttp 28448 7500 "GET / HTTP/1.1" 200 98788
INFO 2025-06-15 03:20:56,211 basehttp 28448 5528 "GET /contact-us HTTP/1.1" 301 0
INFO 2025-06-15 03:20:56,285 basehttp 28448 18120 "GET /contact-us/ HTTP/1.1" 200 49289
INFO 2025-06-15 03:21:05,024 basehttp 28448 18120 "GET / HTTP/1.1" 200 98772
INFO 2025-06-15 03:21:45,313 basehttp 28448 24808 "GET / HTTP/1.1" 200 98796
INFO 2025-06-15 03:23:25,644 basehttp 28448 26860 "GET / HTTP/1.1" 200 98833
INFO 2025-06-15 03:23:43,773 basehttp 28448 4340 "GET /contact-us/ HTTP/1.1" 200 49334
INFO 2025-06-15 03:29:39,377 autoreload 28448 13716 C:\Users\manik\OneDrive\Desktop\pdf_to_jpg2\file_converter\converter\urls.py changed, reloading.
INFO 2025-06-15 03:29:41,220 autoreload 9636 13132 Watching for file changes with StatReloader
INFO 2025-06-15 03:30:36,177 autoreload 9636 13132 C:\Users\manik\OneDrive\Desktop\pdf_to_jpg2\file_converter\converter\views.py changed, reloading.
INFO 2025-06-15 03:30:37,054 autoreload 22760 21220 Watching for file changes with StatReloader
INFO 2025-06-15 03:31:57,998 autoreload 22760 21220 C:\Users\manik\OneDrive\Desktop\pdf_to_jpg2\file_converter\file_converter\settings.py changed, reloading.
INFO 2025-06-15 03:31:59,335 autoreload 7564 26748 Watching for file changes with StatReloader
INFO 2025-06-15 03:32:13,492 autoreload 7564 26748 C:\Users\manik\OneDrive\Desktop\pdf_to_jpg2\file_converter\file_converter\settings.py changed, reloading.
INFO 2025-06-15 03:32:14,091 autoreload 9612 28668 Watching for file changes with StatReloader
INFO 2025-06-15 03:33:46,077 autoreload 9612 28668 C:\Users\manik\OneDrive\Desktop\pdf_to_jpg2\file_converter\converter\urls.py changed, reloading.
INFO 2025-06-15 03:33:46,961 autoreload 11736 15800 Watching for file changes with StatReloader
INFO 2025-06-15 03:35:05,627 autoreload 20596 13188 Watching for file changes with StatReloader
INFO 2025-06-15 03:36:55,267 autoreload 24768 28244 Watching for file changes with StatReloader
INFO 2025-06-15 03:37:47,491 autoreload 24768 28244 C:\Users\manik\OneDrive\Desktop\pdf_to_jpg2\file_converter\converter\urls.py changed, reloading.
INFO 2025-06-15 03:37:48,230 autoreload 26192 23656 Watching for file changes with StatReloader
INFO 2025-06-15 03:38:01,992 autoreload 26192 23656 C:\Users\manik\OneDrive\Desktop\pdf_to_jpg2\file_converter\converter\urls.py changed, reloading.
INFO 2025-06-15 03:38:02,588 autoreload 25224 6332 Watching for file changes with StatReloader
INFO 2025-06-15 03:38:29,288 autoreload 25224 6332 C:\Users\manik\OneDrive\Desktop\pdf_to_jpg2\file_converter\file_converter\urls.py changed, reloading.
INFO 2025-06-15 03:38:29,891 autoreload 25512 9696 Watching for file changes with StatReloader
INFO 2025-06-15 03:38:34,932 basehttp 25512 25236 "GET / HTTP/1.1" 200 98833
INFO 2025-06-15 03:38:46,744 basehttp 25512 11916 "GET /sitemap.xml HTTP/1.1" 200 1360
INFO 2025-06-15 03:39:10,233 basehttp 25512 28264 "GET /robots.txt HTTP/1.1" 200 1182
INFO 2025-06-15 03:39:17,001 basehttp 25512 28264 "GET / HTTP/1.1" 200 98833
INFO 2025-06-15 03:39:19,086 basehttp 25512 19152 "GET / HTTP/1.1" 200 98833
INFO 2025-06-15 04:18:24,571 basehttp 25512 18520 "GET / HTTP/1.1" 200 103834
ERROR 2025-06-15 04:22:36,384 log 25512 9040 Internal Server Error: /
Traceback (most recent call last):
  File "C:\Users\manik\AppData\Roaming\Python\Python312\site-packages\django\urls\base.py", line 81, in reverse
    extra, resolver = resolver.namespace_dict[ns]
                      ~~~~~~~~~~~~~~~~~~~~~~~^^^^
KeyError: 'https'

During handling of the above exception, another exception occurred:

Traceback (most recent call last):
  File "C:\Users\manik\AppData\Roaming\Python\Python312\site-packages\django\core\handlers\exception.py", line 55, in inner
    response = get_response(request)
               ^^^^^^^^^^^^^^^^^^^^^
  File "C:\Users\manik\AppData\Roaming\Python\Python312\site-packages\django\core\handlers\base.py", line 197, in _get_response
    response = wrapped_callback(request, *callback_args, **callback_kwargs)
               ^^^^^^^^^^^^^^^^^^^^^^^^^^^^^^^^^^^^^^^^^^^^^^^^^^^^^^^^^^^^
  File "C:\Users\manik\OneDrive\Desktop\pdf_to_jpg2\file_converter\converter\views.py", line 36, in home
    return render(request, 'converter/home.html')
           ^^^^^^^^^^^^^^^^^^^^^^^^^^^^^^^^^^^^^^
  File "C:\Users\manik\AppData\Roaming\Python\Python312\site-packages\django\shortcuts.py", line 25, in render
    content = loader.render_to_string(template_name, context, request, using=using)
              ^^^^^^^^^^^^^^^^^^^^^^^^^^^^^^^^^^^^^^^^^^^^^^^^^^^^^^^^^^^^^^^^^^^^^
  File "C:\Users\manik\AppData\Roaming\Python\Python312\site-packages\django\template\loader.py", line 62, in render_to_string
    return template.render(context, request)
           ^^^^^^^^^^^^^^^^^^^^^^^^^^^^^^^^^
  File "C:\Users\manik\AppData\Roaming\Python\Python312\site-packages\django\template\backends\django.py", line 107, in render
    return self.template.render(context)
           ^^^^^^^^^^^^^^^^^^^^^^^^^^^^^
  File "C:\Users\manik\AppData\Roaming\Python\Python312\site-packages\django\template\base.py", line 171, in render
    return self._render(context)
           ^^^^^^^^^^^^^^^^^^^^^
  File "C:\Users\manik\AppData\Roaming\Python\Python312\site-packages\django\template\base.py", line 163, in _render
    return self.nodelist.render(context)
           ^^^^^^^^^^^^^^^^^^^^^^^^^^^^^
  File "C:\Users\manik\AppData\Roaming\Python\Python312\site-packages\django\template\base.py", line 1016, in render
    return SafeString("".join([node.render_annotated(context) for node in self]))
                               ^^^^^^^^^^^^^^^^^^^^^^^^^^^^^^
  File "C:\Users\manik\AppData\Roaming\Python\Python312\site-packages\django\template\base.py", line 977, in render_annotated
    return self.render(context)
           ^^^^^^^^^^^^^^^^^^^^
  File "C:\Users\manik\AppData\Roaming\Python\Python312\site-packages\django\template\loader_tags.py", line 159, in render
    return compiled_parent._render(context)
           ^^^^^^^^^^^^^^^^^^^^^^^^^^^^^^^^
  File "C:\Users\manik\AppData\Roaming\Python\Python312\site-packages\django\template\base.py", line 163, in _render
    return self.nodelist.render(context)
           ^^^^^^^^^^^^^^^^^^^^^^^^^^^^^
  File "C:\Users\manik\AppData\Roaming\Python\Python312\site-packages\django\template\base.py", line 1016, in render
    return SafeString("".join([node.render_annotated(context) for node in self]))
                               ^^^^^^^^^^^^^^^^^^^^^^^^^^^^^^
  File "C:\Users\manik\AppData\Roaming\Python\Python312\site-packages\django\template\base.py", line 977, in render_annotated
    return self.render(context)
           ^^^^^^^^^^^^^^^^^^^^
  File "C:\Users\manik\AppData\Roaming\Python\Python312\site-packages\django\template\defaulttags.py", line 480, in render
    url = reverse(view_name, args=args, kwargs=kwargs, current_app=current_app)
          ^^^^^^^^^^^^^^^^^^^^^^^^^^^^^^^^^^^^^^^^^^^^^^^^^^^^^^^^^^^^^^^^^^^^^
  File "C:\Users\manik\AppData\Roaming\Python\Python312\site-packages\django\urls\base.py", line 92, in reverse
    raise NoReverseMatch("%s is not a registered namespace" % key)
django.urls.exceptions.NoReverseMatch: 'https' is not a registered namespace
ERROR 2025-06-15 04:22:36,451 basehttp 25512 9040 "GET / HTTP/1.1" 500 147640
INFO 2025-06-15 04:23:36,830 basehttp 25512 28268 "GET / HTTP/1.1" 200 103811
INFO 2025-06-15 04:26:12,877 basehttp 25512 14624 "GET / HTTP/1.1" 200 103893
INFO 2025-06-28 13:21:58,746 autoreload 22212 18236 Watching for file changes with StatReloader
INFO 2025-06-28 13:22:08,026 basehttp 22212 22156 "GET / HTTP/1.1" 200 103893
INFO 2025-06-28 13:22:23,181 basehttp 22212 15908 "GET /contact-us/ HTTP/1.1" 200 49393
INFO 2025-06-28 13:22:28,167 basehttp 22212 14968 "GET / HTTP/1.1" 200 103893
INFO 2025-06-28 13:23:59,669 views 22212 24964 Created conversion job 6245013f-f94b-4c0a-99b2-67337fff3153 for file e9266b82-7754-4b0a-bed8-84c508c1f22d.jpg
INFO 2025-06-28 13:23:59,695 views 22212 24964 Saved file to uploads/6245013f-f94b-4c0a-99b2-67337fff3153_6d67388f.jpg
INFO 2025-06-28 13:23:59,934 views 22212 24964 Successfully converted image to PDF: C:\Users\manik\OneDrive\Desktop\pdf_to_jpg2\file_converter\media\converted\6245013f-f94b-4c0a-99b2-67337fff3153_converted.pdf
INFO 2025-06-28 13:23:59,948 views 22212 24964 Conversion completed for job 6245013f-f94b-4c0a-99b2-67337fff3153
INFO 2025-06-28 13:23:59,966 basehttp 22212 24964 "POST /upload/ HTTP/1.1" 200 275
INFO 2025-06-28 13:24:02,248 views 22212 24964 File 6245013f-f94b-4c0a-99b2-67337fff3153_converted.pdf downloaded successfully
INFO 2025-06-28 13:24:02,248 basehttp 22212 24964 "GET /download/6245013f-f94b-4c0a-99b2-67337fff3153/ HTTP/1.1" 200 48115
INFO 2025-10-01 00:00:07,826 autoreload 23016 22096 Watching for file changes with StatReloader
INFO 2025-10-01 00:00:12,037 basehttp 23016 21956 "GET / HTTP/1.1" 200 103893
WARNING 2025-10-01 00:00:22,566 log 23016 23500 Not Found: /favicon.ico
WARNING 2025-10-01 00:00:22,570 basehttp 23016 23500 "GET /favicon.ico HTTP/1.1" 404 4165
INFO 2025-10-01 00:24:24,498 autoreload 25268 25168 Watching for file changes with StatReloader
INFO 2025-10-01 00:24:29,565 basehttp 25268 2600 "GET / HTTP/1.1" 200 93810
INFO 2025-10-01 08:12:55,942 basehttp 25268 24848 "GET / HTTP/1.1" 200 96076
INFO 2025-10-01 08:13:22,638 basehttp 25268 17360 "GET / HTTP/1.1" 200 96005
INFO 2025-10-01 08:13:37,251 basehttp 25268 28060 "GET / HTTP/1.1" 200 95963
INFO 2025-10-01 08:22:53,134 basehttp 25268 18388 "GET / HTTP/1.1" 200 75543
INFO 2025-10-01 08:35:49,453 basehttp 25268 8256 "GET / HTTP/1.1" 200 61442
INFO 2025-10-01 08:42:38,265 basehttp 25268 22536 "GET / HTTP/1.1" 200 57787
INFO 2025-10-01 08:43:20,864 basehttp 25268 1856 "GET / HTTP/1.1" 200 61442
INFO 2025-10-01 08:43:38,839 views 25268 4608 Created conversion job 68ad4d92-7098-4446-8a91-2f20d6e2717e for file Screenshot 2025-09-30 234534.jpg
INFO 2025-10-01 08:43:38,928 views 25268 4608 Saved file to uploads/68ad4d92-7098-4446-8a91-2f20d6e2717e_cebc2cd1.jpg
INFO 2025-10-01 08:43:39,896 views 25268 4608 Successfully converted image to PDF: C:\Users\manik\OneDrive\Desktop\pdf_to_jpg2\file_converter\media\converted\68ad4d92-7098-4446-8a91-2f20d6e2717e_converted.pdf
INFO 2025-10-01 08:43:39,921 views 25268 4608 Conversion completed for job 68ad4d92-7098-4446-8a91-2f20d6e2717e
INFO 2025-10-01 08:43:39,930 basehttp 25268 4608 "POST /upload/ HTTP/1.1" 200 267
INFO 2025-10-01 08:43:40,064 views 25268 4608 File 68ad4d92-7098-4446-8a91-2f20d6e2717e_converted.pdf downloaded successfully
INFO 2025-10-01 08:43:40,066 basehttp 25268 4608 "GET /download/68ad4d92-7098-4446-8a91-2f20d6e2717e/ HTTP/1.1" 200 228686
INFO 2025-10-01 08:48:38,397 basehttp 25268 26208 "GET / HTTP/1.1" 200 18845
INFO 2025-10-01 08:51:07,780 basehttp 25268 31740 "GET / HTTP/1.1" 200 39528
INFO 2025-10-01 08:51:29,118 basehttp 25268 16392 "GET / HTTP/1.1" 200 61442
INFO 2025-10-01 08:51:54,302 basehttp 25268 30616 "GET / HTTP/1.1" 200 58887
INFO 2025-10-01 08:52:41,570 basehttp 25268 26824 "GET / HTTP/1.1" 200 58882
INFO 2025-10-01 08:56:17,269 basehttp 25268 20788 "GET / HTTP/1.1" 200 56890
INFO 2025-10-01 08:59:20,007 basehttp 25268 21736 "GET / HTTP/1.1" 200 24397
INFO 2025-10-01 09:05:13,419 basehttp 25268 31416 "GET / HTTP/1.1" 200 58007
INFO 2025-10-01 09:05:36,569 views 25268 25612 Created conversion job 89b3452c-7f82-4578-80d0-d198270fc211 for file Screenshot 2025-09-30 234534.jpg
INFO 2025-10-01 09:05:36,593 views 25268 25612 Saved file to uploads/89b3452c-7f82-4578-80d0-d198270fc211_ec356f2f.jpg
INFO 2025-10-01 09:05:36,849 views 25268 25612 Successfully converted image to PDF: C:\Users\manik\OneDrive\Desktop\pdf_to_jpg2\file_converter\media\converted\89b3452c-7f82-4578-80d0-d198270fc211_converted.pdf
INFO 2025-10-01 09:05:36,884 views 25268 25612 Conversion completed for job 89b3452c-7f82-4578-80d0-d198270fc211
INFO 2025-10-01 09:05:36,893 basehttp 25268 25612 "POST /upload/ HTTP/1.1" 200 267
INFO 2025-10-01 09:05:36,997 views 25268 25612 File 89b3452c-7f82-4578-80d0-d198270fc211_converted.pdf downloaded successfully
INFO 2025-10-01 09:05:37,001 basehttp 25268 25612 "GET /download/89b3452c-7f82-4578-80d0-d198270fc211/ HTTP/1.1" 200 228687
INFO 2025-10-01 09:08:12,209 basehttp 25268 4664 "GET / HTTP/1.1" 200 57694
INFO 2025-10-01 09:08:24,580 views 25268 17488 Created conversion job 9e8f8915-ad77-440e-9945-4bbe6db527fa for file Screenshot 2025-09-30 234534.jpg
INFO 2025-10-01 09:08:24,604 views 25268 17488 Saved file to uploads/9e8f8915-ad77-440e-9945-4bbe6db527fa_5f558386.jpg
INFO 2025-10-01 09:08:25,049 views 25268 17488 Successfully converted image to PDF: C:\Users\manik\OneDrive\Desktop\pdf_to_jpg2\file_converter\media\converted\9e8f8915-ad77-440e-9945-4bbe6db527fa_converted.pdf
INFO 2025-10-01 09:08:25,085 views 25268 17488 Conversion completed for job 9e8f8915-ad77-440e-9945-4bbe6db527fa
INFO 2025-10-01 09:08:25,101 basehttp 25268 17488 "POST /upload/ HTTP/1.1" 200 267
INFO 2025-10-01 09:08:26,232 views 25268 17488 File 9e8f8915-ad77-440e-9945-4bbe6db527fa_converted.pdf downloaded successfully
INFO 2025-10-01 09:08:26,234 basehttp 25268 17488 "GET /download/9e8f8915-ad77-440e-9945-4bbe6db527fa/ HTTP/1.1" 200 228686
INFO 2025-10-01 09:08:58,027 basehttp 25268 9820 "GET / HTTP/1.1" 200 57694
INFO 2025-10-01 09:09:03,173 views 25268 9820 Created conversion job 7bd3485a-7291-4de3-8b2d-d5c24f562e72 for file Screenshot 2025-09-30 234534.jpg
INFO 2025-10-01 09:09:03,173 views 25268 9820 Saved file to uploads/7bd3485a-7291-4de3-8b2d-d5c24f562e72_58667699.jpg
INFO 2025-10-01 09:09:03,372 views 25268 9820 Successfully converted image to PDF: C:\Users\manik\OneDrive\Desktop\pdf_to_jpg2\file_converter\media\converted\7bd3485a-7291-4de3-8b2d-d5c24f562e72_converted.pdf
INFO 2025-10-01 09:09:03,372 views 25268 9820 Conversion completed for job 7bd3485a-7291-4de3-8b2d-d5c24f562e72
INFO 2025-10-01 09:09:03,372 basehttp 25268 9820 "POST /upload/ HTTP/1.1" 200 267
INFO 2025-10-01 09:09:04,524 views 25268 9820 File 7bd3485a-7291-4de3-8b2d-d5c24f562e72_converted.pdf downloaded successfully
INFO 2025-10-01 09:09:04,524 basehttp 25268 9820 "GET /download/7bd3485a-7291-4de3-8b2d-d5c24f562e72/ HTTP/1.1" 200 228684
INFO 2025-10-01 09:09:33,018 basehttp 25268 3424 "GET / HTTP/1.1" 200 57694
INFO 2025-10-01 09:09:35,069 basehttp 25268 22168 "GET / HTTP/1.1" 200 57694
INFO 2025-10-01 09:13:01,111 basehttp 25268 24620 "GET / HTTP/1.1" 200 57750
INFO 2025-10-01 09:13:07,891 views 25268 31096 Created conversion job 79e68592-58a0-4601-aeab-9fcef83ae92e for file Screenshot 2025-09-30 234534.jpg
INFO 2025-10-01 09:13:07,903 views 25268 31096 Saved file to uploads/79e68592-58a0-4601-aeab-9fcef83ae92e_ca9364ae.jpg
INFO 2025-10-01 09:13:08,125 views 25268 31096 Successfully converted image to PDF: C:\Users\manik\OneDrive\Desktop\pdf_to_jpg2\file_converter\media\converted\79e68592-58a0-4601-aeab-9fcef83ae92e_converted.pdf
INFO 2025-10-01 09:13:08,144 views 25268 31096 Conversion completed for job 79e68592-58a0-4601-aeab-9fcef83ae92e
INFO 2025-10-01 09:13:08,154 basehttp 25268 31096 "POST /upload/ HTTP/1.1" 200 267
INFO 2025-10-01 09:13:09,394 views 25268 31096 File 79e68592-58a0-4601-aeab-9fcef83ae92e_converted.pdf downloaded successfully
INFO 2025-10-01 09:13:09,407 basehttp 25268 31096 "GET /download/79e68592-58a0-4601-aeab-9fcef83ae92e/ HTTP/1.1" 200 228687
INFO 2025-10-01 09:13:38,091 autoreload 25268 25168 C:\Users\manik\OneDrive\Desktop\pdf_to_jpg2\file_converter\converter\views.py changed, reloading.
INFO 2025-10-01 09:13:39,806 autoreload 16524 432 Watching for file changes with StatReloader
INFO 2025-10-01 09:14:13,222 autoreload 16524 432 C:\Users\manik\OneDrive\Desktop\pdf_to_jpg2\file_converter\converter\urls.py changed, reloading.
INFO 2025-10-01 09:14:13,948 autoreload 17180 23600 Watching for file changes with StatReloader
INFO 2025-10-01 09:14:17,417 basehttp 17180 25352 "GET / HTTP/1.1" 200 57750
INFO 2025-10-01 09:14:26,731 views 17180 3040 Created conversion job 556ed42f-9dd2-4836-be83-24578e2fc812 for file Screenshot 2025-09-30 234534.jpg
INFO 2025-10-01 09:14:26,737 views 17180 3040 Saved file to uploads/556ed42f-9dd2-4836-be83-24578e2fc812_f8e4383f.jpg
INFO 2025-10-01 09:14:26,948 views 17180 3040 Successfully converted image to PDF: C:\Users\manik\OneDrive\Desktop\pdf_to_jpg2\file_converter\media\converted\556ed42f-9dd2-4836-be83-24578e2fc812_converted.pdf
INFO 2025-10-01 09:14:26,981 views 17180 3040 Conversion completed for job 556ed42f-9dd2-4836-be83-24578e2fc812
INFO 2025-10-01 09:14:26,984 basehttp 17180 3040 "POST /upload/ HTTP/1.1" 200 267
INFO 2025-10-01 09:14:28,066 views 17180 3040 File 556ed42f-9dd2-4836-be83-24578e2fc812_converted.pdf downloaded successfully
INFO 2025-10-01 09:14:28,066 basehttp 17180 3040 "GET /download/556ed42f-9dd2-4836-be83-24578e2fc812/ HTTP/1.1" 200 228687
INFO 2025-10-01 09:14:36,517 autoreload 17180 23600 C:\Users\manik\OneDrive\Desktop\pdf_to_jpg2\file_converter\converter\urls.py changed, reloading.
INFO 2025-10-01 09:14:37,180 autoreload 24276 20544 Watching for file changes with StatReloader
INFO 2025-10-01 09:14:41,754 autoreload 24276 20544 C:\Users\manik\OneDrive\Desktop\pdf_to_jpg2\file_converter\converter\views.py changed, reloading.
INFO 2025-10-01 09:14:42,347 autoreload 29948 15632 Watching for file changes with StatReloader
INFO 2025-10-01 09:14:55,081 basehttp 29948 22428 "GET / HTTP/1.1" 200 58007
INFO 2025-10-01 09:15:12,678 basehttp 29948 24908 "GET / HTTP/1.1" 200 57750
INFO 2025-10-01 09:28:16,941 basehttp 29948 11968 "GET / HTTP/1.1" 200 61180
INFO 2025-10-01 09:28:31,140 views 29948 11180 Created conversion job cf6cdb97-f7c4-4083-b6fc-a4433b7134db for file Screenshot 2025-09-30 234534.jpg
INFO 2025-10-01 09:28:31,161 views 29948 11180 Saved file to uploads/cf6cdb97-f7c4-4083-b6fc-a4433b7134db_e3e31c38.jpg
INFO 2025-10-01 09:28:31,539 views 29948 11180 Successfully converted image to PDF: C:\Users\manik\OneDrive\Desktop\pdf_to_jpg2\file_converter\media\converted\cf6cdb97-f7c4-4083-b6fc-a4433b7134db_converted.pdf
INFO 2025-10-01 09:28:31,550 views 29948 11180 Conversion completed for job cf6cdb97-f7c4-4083-b6fc-a4433b7134db
INFO 2025-10-01 09:28:31,557 basehttp 29948 11180 "POST /upload/ HTTP/1.1" 200 267
WARNING 2025-10-01 09:28:33,552 log 29948 11180 Not Found: /download-page/cf6cdb97-f7c4-4083-b6fc-a4433b7134db/
WARNING 2025-10-01 09:28:33,555 basehttp 29948 11180 "GET /download-page/cf6cdb97-f7c4-4083-b6fc-a4433b7134db/ HTTP/1.1" 404 4285
INFO 2025-10-01 09:30:01,745 autoreload 29948 15632 C:\Users\manik\OneDrive\Desktop\pdf_to_jpg2\file_converter\converter\urls.py changed, reloading.
INFO 2025-10-01 09:30:02,829 autoreload 4132 28832 Watching for file changes with StatReloader
INFO 2025-10-01 09:30:17,055 autoreload 4132 28832 C:\Users\manik\OneDrive\Desktop\pdf_to_jpg2\file_converter\converter\views.py changed, reloading.
INFO 2025-10-01 09:30:17,804 autoreload 10944 26232 Watching for file changes with StatReloader
INFO 2025-10-01 09:30:35,471 autoreload 10944 26232 C:\Users\manik\OneDrive\Desktop\pdf_to_jpg2\file_converter\converter\views.py changed, reloading.
INFO 2025-10-01 09:30:36,126 autoreload 14076 31536 Watching for file changes with StatReloader
ERROR 2025-10-01 09:30:39,096 views 14076 28060 Download page error for job cf6cdb97-f7c4-4083-b6fc-a4433b7134db: converter/download.html
ERROR 2025-10-01 09:30:39,487 log 14076 28060 Internal Server Error: /download-page/cf6cdb97-f7c4-4083-b6fc-a4433b7134db/
Traceback (most recent call last):
  File "C:\Users\manik\OneDrive\Desktop\pdf_to_jpg2\file_converter\converter\views.py", line 697, in download_page
    return render(request, 'converter/download.html', {
           ^^^^^^^^^^^^^^^^^^^^^^^^^^^^^^^^^^^^^^^^^^^^
  File "C:\Users\manik\AppData\Roaming\Python\Python312\site-packages\django\shortcuts.py", line 24, in render
    content = loader.render_to_string(template_name, context, request, using=using)
              ^^^^^^^^^^^^^^^^^^^^^^^^^^^^^^^^^^^^^^^^^^^^^^^^^^^^^^^^^^^^^^^^^^^^^
  File "C:\Users\manik\AppData\Roaming\Python\Python312\site-packages\django\template\loader.py", line 61, in render_to_string
    template = get_template(template_name, using=using)
               ^^^^^^^^^^^^^^^^^^^^^^^^^^^^^^^^^^^^^^^^
  File "C:\Users\manik\AppData\Roaming\Python\Python312\site-packages\django\template\loader.py", line 19, in get_template
    raise TemplateDoesNotExist(template_name, chain=chain)
django.template.exceptions.TemplateDoesNotExist: converter/download.html

During handling of the above exception, another exception occurred:

Traceback (most recent call last):
  File "C:\Users\manik\AppData\Roaming\Python\Python312\site-packages\django\core\handlers\exception.py", line 55, in inner
    response = get_response(request)
               ^^^^^^^^^^^^^^^^^^^^^
  File "C:\Users\manik\AppData\Roaming\Python\Python312\site-packages\django\core\handlers\base.py", line 197, in _get_response
    response = wrapped_callback(request, *callback_args, **callback_kwargs)
               ^^^^^^^^^^^^^^^^^^^^^^^^^^^^^^^^^^^^^^^^^^^^^^^^^^^^^^^^^^^^
  File "C:\Users\manik\OneDrive\Desktop\pdf_to_jpg2\file_converter\converter\views.py", line 705, in download_page
    return render(request, 'converter/error.html', {
           ^^^^^^^^^^^^^^^^^^^^^^^^^^^^^^^^^^^^^^^^^
  File "C:\Users\manik\AppData\Roaming\Python\Python312\site-packages\django\shortcuts.py", line 24, in render
    content = loader.render_to_string(template_name, context, request, using=using)
              ^^^^^^^^^^^^^^^^^^^^^^^^^^^^^^^^^^^^^^^^^^^^^^^^^^^^^^^^^^^^^^^^^^^^^
  File "C:\Users\manik\AppData\Roaming\Python\Python312\site-packages\django\template\loader.py", line 61, in render_to_string
    template = get_template(template_name, using=using)
               ^^^^^^^^^^^^^^^^^^^^^^^^^^^^^^^^^^^^^^^^
  File "C:\Users\manik\AppData\Roaming\Python\Python312\site-packages\django\template\loader.py", line 19, in get_template
    raise TemplateDoesNotExist(template_name, chain=chain)
django.template.exceptions.TemplateDoesNotExist: converter/error.html
ERROR 2025-10-01 09:30:39,495 basehttp 14076 28060 "GET /download-page/cf6cdb97-f7c4-4083-b6fc-a4433b7134db/ HTTP/1.1" 500 105827
ERROR 2025-10-01 09:31:17,011 views 14076 29604 Download page error for job cf6cdb97-f7c4-4083-b6fc-a4433b7134db: converter/download.html
INFO 2025-10-01 09:31:17,074 basehttp 14076 29604 "GET /download-page/cf6cdb97-f7c4-4083-b6fc-a4433b7134db/ HTTP/1.1" 200 27833
INFO 2025-10-01 09:31:25,630 basehttp 14076 31160 "GET / HTTP/1.1" 200 61180
INFO 2025-10-01 09:31:30,639 views 14076 31160 Created conversion job ef7fd93d-e751-4144-b760-53e03117d23b for file Screenshot 2025-09-30 234534.jpg
INFO 2025-10-01 09:31:30,647 views 14076 31160 Saved file to uploads/ef7fd93d-e751-4144-b760-53e03117d23b_eb8bf108.jpg
INFO 2025-10-01 09:31:30,985 views 14076 31160 Successfully converted image to PDF: C:\Users\manik\OneDrive\Desktop\pdf_to_jpg2\file_converter\media\converted\ef7fd93d-e751-4144-b760-53e03117d23b_converted.pdf
INFO 2025-10-01 09:31:31,000 views 14076 31160 Conversion completed for job ef7fd93d-e751-4144-b760-53e03117d23b
INFO 2025-10-01 09:31:31,005 basehttp 14076 31160 "POST /upload/ HTTP/1.1" 200 267
ERROR 2025-10-01 09:31:32,067 views 14076 11672 Download page error for job ef7fd93d-e751-4144-b760-53e03117d23b: converter/download.html
INFO 2025-10-01 09:31:32,069 basehttp 14076 11672 "GET /download-page/ef7fd93d-e751-4144-b760-53e03117d23b/ HTTP/1.1" 200 27833
INFO 2025-10-01 09:32:13,457 autoreload 14076 31536 C:\Users\manik\OneDrive\Desktop\pdf_to_jpg2\file_converter\converter\views.py changed, reloading.
INFO 2025-10-01 09:32:14,212 autoreload 892 23664 Watching for file changes with StatReloader
ERROR 2025-10-01 09:32:17,374 views 892 22868 Download page error for job ef7fd93d-e751-4144-b760-53e03117d23b: converter/download.html
INFO 2025-10-01 09:32:17,405 basehttp 892 22868 "GET /download-page/ef7fd93d-e751-4144-b760-53e03117d23b/ HTTP/1.1" 200 27833
INFO 2025-10-01 09:32:18,938 basehttp 892 22868 "GET / HTTP/1.1" 200 61180
INFO 2025-10-01 09:32:24,775 views 892 23380 Created conversion job 8b38948e-a6d3-41d9-a5ed-54efbf37192e for file Screenshot 2025-09-30 234534.jpg
INFO 2025-10-01 09:32:24,778 views 892 23380 Saved file to uploads/8b38948e-a6d3-41d9-a5ed-54efbf37192e_ed5920be.jpg
INFO 2025-10-01 09:32:25,044 views 892 23380 Successfully converted image to PDF: C:\Users\manik\OneDrive\Desktop\pdf_to_jpg2\file_converter\media\converted\8b38948e-a6d3-41d9-a5ed-54efbf37192e_converted.pdf
INFO 2025-10-01 09:32:25,061 views 892 23380 Conversion completed for job 8b38948e-a6d3-41d9-a5ed-54efbf37192e
INFO 2025-10-01 09:32:25,061 basehttp 892 23380 "POST /upload/ HTTP/1.1" 200 339
ERROR 2025-10-01 09:32:26,136 views 892 23380 Download page error for job 8b38948e-a6d3-41d9-a5ed-54efbf37192e: converter/download.html
INFO 2025-10-01 09:32:26,146 basehttp 892 23380 "GET /download-page/8b38948e-a6d3-41d9-a5ed-54efbf37192e/ HTTP/1.1" 200 27833
ERROR 2025-10-01 09:35:30,861 views 892 29572 Download page error for job 8b38948e-a6d3-41d9-a5ed-54efbf37192e: converter/download.html
INFO 2025-10-01 09:35:30,871 basehttp 892 29572 "GET /download-page/8b38948e-a6d3-41d9-a5ed-54efbf37192e/ HTTP/1.1" 200 27833
INFO 2025-10-01 09:35:32,431 basehttp 892 20816 "GET / HTTP/1.1" 200 61180
INFO 2025-10-01 09:35:37,486 views 892 20816 Created conversion job a250145d-f09d-4af7-b45b-1165486c7e49 for file compressed_WordtoPD.jpeg
INFO 2025-10-01 09:35:37,508 views 892 20816 Saved file to uploads/a250145d-f09d-4af7-b45b-1165486c7e49_5d87397e.jpeg
INFO 2025-10-01 09:35:37,852 views 892 20816 Successfully converted image to PDF: C:\Users\manik\OneDrive\Desktop\pdf_to_jpg2\file_converter\media\converted\a250145d-f09d-4af7-b45b-1165486c7e49_converted.pdf
INFO 2025-10-01 09:35:37,869 views 892 20816 Conversion completed for job a250145d-f09d-4af7-b45b-1165486c7e49
INFO 2025-10-01 09:35:37,869 basehttp 892 20816 "POST /upload/ HTTP/1.1" 200 331
ERROR 2025-10-01 09:35:38,920 views 892 20816 Download page error for job a250145d-f09d-4af7-b45b-1165486c7e49: converter/download.html
INFO 2025-10-01 09:35:38,944 basehttp 892 20816 "GET /download-page/a250145d-f09d-4af7-b45b-1165486c7e49/ HTTP/1.1" 200 27833
INFO 2025-10-01 09:35:43,292 basehttp 892 13072 "GET / HTTP/1.1" 200 61180
INFO 2025-10-01 09:36:16,688 autoreload 11212 22480 Watching for file changes with StatReloader
INFO 2025-10-01 09:36:21,948 basehttp 11212 11048 "GET / HTTP/1.1" 200 61180
INFO 2025-10-01 09:36:26,871 views 11212 4596 Created conversion job f4540245-af88-4793-8e64-dd3ceab95032 for file Screenshot 2025-09-30 234534.jpg
INFO 2025-10-01 09:36:26,876 views 11212 4596 Saved file to uploads/f4540245-af88-4793-8e64-dd3ceab95032_eae0cfa4.jpg
INFO 2025-10-01 09:36:27,258 views 11212 4596 Successfully converted image to PDF: C:\Users\manik\OneDrive\Desktop\pdf_to_jpg2\file_converter\media\converted\f4540245-af88-4793-8e64-dd3ceab95032_converted.pdf
INFO 2025-10-01 09:36:27,274 views 11212 4596 Conversion completed for job f4540245-af88-4793-8e64-dd3ceab95032
INFO 2025-10-01 09:36:27,275 basehttp 11212 4596 "POST /upload/ HTTP/1.1" 200 339
ERROR 2025-10-01 09:36:28,352 views 11212 4596 Download page error for job f4540245-af88-4793-8e64-dd3ceab95032: converter/download.html
INFO 2025-10-01 09:36:28,362 basehttp 11212 4596 "GET /download-page/f4540245-af88-4793-8e64-dd3ceab95032/ HTTP/1.1" 200 27833
INFO 2025-10-01 09:37:22,315 basehttp 11212 3564 "GET /download-page/f4540245-af88-4793-8e64-dd3ceab95032/ HTTP/1.1" 200 33982
INFO 2025-10-01 09:37:22,653 views 11212 3564 File f4540245-af88-4793-8e64-dd3ceab95032_converted.pdf downloaded successfully
INFO 2025-10-01 09:37:22,654 basehttp 11212 3564 "HEAD /download/f4540245-af88-4793-8e64-dd3ceab95032/ HTTP/1.1" 200 0
INFO 2025-10-01 09:37:27,017 views 11212 3564 File f4540245-af88-4793-8e64-dd3ceab95032_converted.pdf downloaded successfully
INFO 2025-10-01 09:37:27,020 basehttp 11212 3564 "GET /download/f4540245-af88-4793-8e64-dd3ceab95032/ HTTP/1.1" 200 228684
INFO 2025-10-01 09:37:32,739 basehttp 11212 29084 "GET / HTTP/1.1" 200 61180
INFO 2025-10-01 09:39:39,931 basehttp 11212 1316 "GET / HTTP/1.1" 200 61180
INFO 2025-10-01 09:39:45,322 views 11212 26648 Created conversion job 5be06563-e27e-4397-a358-09e3497a3e89 for file Screenshot 2025-09-30 234534.jpg
INFO 2025-10-01 09:39:45,333 views 11212 26648 Saved file to uploads/5be06563-e27e-4397-a358-09e3497a3e89_db79b85e.jpg
INFO 2025-10-01 09:39:45,570 views 11212 26648 Successfully converted image to PDF: C:\Users\manik\OneDrive\Desktop\pdf_to_jpg2\file_converter\media\converted\5be06563-e27e-4397-a358-09e3497a3e89_converted.pdf
INFO 2025-10-01 09:39:45,593 views 11212 26648 Conversion completed for job 5be06563-e27e-4397-a358-09e3497a3e89
INFO 2025-10-01 09:39:45,604 basehttp 11212 26648 "POST /upload/ HTTP/1.1" 200 339
INFO 2025-10-01 09:39:47,807 basehttp 11212 26648 "GET /download-page/5be06563-e27e-4397-a358-09e3497a3e89/ HTTP/1.1" 200 32311
INFO 2025-10-01 09:39:47,985 views 11212 26648 File 5be06563-e27e-4397-a358-09e3497a3e89_converted.pdf downloaded successfully
INFO 2025-10-01 09:39:47,985 basehttp 11212 26648 "HEAD /download/5be06563-e27e-4397-a358-09e3497a3e89/ HTTP/1.1" 200 0
INFO 2025-10-01 09:39:59,214 views 11212 27980 File 5be06563-e27e-4397-a358-09e3497a3e89_converted.pdf downloaded successfully
INFO 2025-10-01 09:39:59,217 basehttp 11212 27980 "GET /download/5be06563-e27e-4397-a358-09e3497a3e89/ HTTP/1.1" 200 228684
INFO 2025-10-01 09:40:04,364 basehttp 11212 5604 "GET / HTTP/1.1" 200 61180
INFO 2025-10-01 13:01:01,662 autoreload 11212 22480 C:\Users\manik\OneDrive\Desktop\pdf_to_jpg2\file_converter\converter\views.py changed, reloading.
INFO 2025-10-01 13:01:03,092 autoreload 7576 28956 Watching for file changes with StatReloader
INFO 2025-10-01 13:10:12,640 basehttp 7576 28520 "GET / HTTP/1.1" 200 55124
INFO 2025-10-01 13:14:14,582 basehttp 7576 25860 "GET / HTTP/1.1" 200 55202
INFO 2025-10-01 13:19:19,790 basehttp 7576 28552 "GET / HTTP/1.1" 200 55471
INFO 2025-10-06 21:31:00,873 autoreload 12768 20348 Watching for file changes with StatReloader
INFO 2025-10-06 21:31:06,351 basehttp 12768 31528 "GET / HTTP/1.1" 200 56469
INFO 2025-10-06 21:31:16,063 basehttp 12768 23332 "POST /i18n/setlang/ HTTP/1.1" 302 0
INFO 2025-10-06 21:31:16,166 basehttp 12768 23332 "GET / HTTP/1.1" 200 56469
INFO 2025-10-06 21:31:23,450 basehttp 12768 21496 "POST /i18n/setlang/ HTTP/1.1" 302 0
INFO 2025-10-06 21:31:23,520 basehttp 12768 21496 "GET / HTTP/1.1" 200 56469
INFO 2025-10-06 21:31:28,376 basehttp 12768 21496 "POST /i18n/setlang/ HTTP/1.1" 302 0
INFO 2025-10-06 21:31:28,432 basehttp 12768 21496 "GET / HTTP/1.1" 200 56469
INFO 2025-10-06 21:31:31,585 basehttp 12768 21496 "POST /i18n/setlang/ HTTP/1.1" 302 0
INFO 2025-10-06 21:31:31,652 basehttp 12768 21496 "GET / HTTP/1.1" 200 56469
INFO 2025-10-06 21:51:14,648 basehttp 12768 13992 "GET / HTTP/1.1" 200 40364
INFO 2025-10-06 21:51:21,286 basehttp 12768 13992 "POST /i18n/setlang/ HTTP/1.1" 302 0
INFO 2025-10-06 21:51:21,310 basehttp 12768 13992 "GET / HTTP/1.1" 200 40361
INFO 2025-10-06 21:51:31,480 basehttp 12768 31724 "POST /i18n/setlang/ HTTP/1.1" 302 0
INFO 2025-10-06 21:51:31,550 basehttp 12768 31724 "GET / HTTP/1.1" 200 40363
INFO 2025-10-06 21:55:35,013 autoreload 4956 31728 Watching for file changes with StatReloader
INFO 2025-10-06 21:55:40,509 basehttp 4956 21872 "GET / HTTP/1.1" 200 40363
INFO 2025-10-06 21:55:45,661 basehttp 4956 21872 "POST /i18n/setlang/ HTTP/1.1" 302 0
INFO 2025-10-06 21:55:45,716 basehttp 4956 21872 "GET / HTTP/1.1" 200 40364
INFO 2025-10-06 22:01:38,169 autoreload 4956 31728 C:\Users\manik\OneDrive\Desktop\pdf_to_jpg2\file_converter\file_converter\urls.py changed, reloading.
INFO 2025-10-06 22:01:39,676 autoreload 24564 31576 Watching for file changes with StatReloader
INFO 2025-10-06 22:01:43,014 basehttp 24564 24228 "GET / HTTP/1.1" 200 40361
INFO 2025-10-06 22:01:46,980 basehttp 24564 11940 "POST /i18n/setlang/ HTTP/1.1" 302 0
INFO 2025-10-06 22:01:46,997 basehttp 24564 11940 "GET /pt/ HTTP/1.1" 200 40391
INFO 2025-10-06 22:05:55,209 autoreload 11696 21644 Watching for file changes with StatReloader
INFO 2025-10-06 22:06:04,154 basehttp 11696 4116 "GET / HTTP/1.1" 200 33202
INFO 2025-10-06 22:06:09,698 basehttp 11696 17412 "POST /i18n/setlang/ HTTP/1.1" 302 0
INFO 2025-10-06 22:06:09,754 basehttp 11696 17412 "GET /id/ HTTP/1.1" 200 33232
INFO 2025-10-06 22:07:33,387 autoreload 4004 30988 Watching for file changes with StatReloader
INFO 2025-10-06 22:07:36,995 basehttp 4004 3652 "GET / HTTP/1.1" 200 33202
INFO 2025-10-06 22:07:40,672 basehttp 4004 3652 "POST /i18n/setlang/ HTTP/1.1" 302 0
INFO 2025-10-06 22:07:40,688 basehttp 4004 3652 "GET /pt/ HTTP/1.1" 200 33233
INFO 2025-10-06 22:08:52,136 autoreload 5996 2092 Watching for file changes with StatReloader
INFO 2025-10-06 22:08:58,078 basehttp 5996 26716 "GET /pt/ HTTP/1.1" 200 33233
INFO 2025-10-06 22:09:00,549 basehttp 5996 21172 "GET /pt/ HTTP/1.1" 200 33233
INFO 2025-10-06 22:13:07,756 autoreload 30368 5848 Watching for file changes with StatReloader
INFO 2025-10-06 22:13:12,560 basehttp 30368 4288 "GET /pt/ HTTP/1.1" 200 33454
INFO 2025-10-06 22:17:44,758 basehttp 30368 22976 "GET /pt/ HTTP/1.1" 200 33230
INFO 2025-10-06 22:20:36,634 autoreload 11896 30532 Watching for file changes with StatReloader
INFO 2025-10-06 22:20:46,989 basehttp 11896 17792 "GET /pt/ HTTP/1.1" 200 33560
INFO 2025-10-06 22:22:57,941 basehttp 11896 21408 "GET /pt/ HTTP/1.1" 200 33699
INFO 2025-10-06 22:23:44,427 autoreload 21028 29372 Watching for file changes with StatReloader
INFO 2025-10-06 22:23:55,676 basehttp 21028 3372 "GET /pt/ HTTP/1.1" 200 33699
INFO 2025-10-06 22:25:08,016 autoreload 26680 30784 Watching for file changes with StatReloader
INFO 2025-10-06 22:25:13,442 basehttp 26680 23260 "GET /pt/ HTTP/1.1" 200 33971
INFO 2025-10-06 22:25:28,348 basehttp 26680 27352 "GET /pt/ HTTP/1.1" 200 33971
INFO 2025-10-06 22:31:38,883 autoreload 2752 27708 Watching for file changes with StatReloader
INFO 2025-10-06 22:31:43,782 basehttp 2752 29008 "GET /pt/ HTTP/1.1" 200 33971
INFO 2025-10-06 22:31:54,085 basehttp 2752 26548 "POST /i18n/setlang/ HTTP/1.1" 302 0
INFO 2025-10-06 22:31:54,101 basehttp 2752 26548 "GET /pt/ HTTP/1.1" 200 33971
INFO 2025-10-06 22:31:57,776 basehttp 2752 26548 "POST /i18n/setlang/ HTTP/1.1" 302 0
INFO 2025-10-06 22:31:57,797 basehttp 2752 26548 "GET /pt/ HTTP/1.1" 200 33971
INFO 2025-10-06 22:32:01,172 basehttp 2752 26548 "POST /i18n/setlang/ HTTP/1.1" 302 0
INFO 2025-10-06 22:32:01,182 basehttp 2752 26548 "GET /pt/ HTTP/1.1" 200 33971
INFO 2025-10-06 22:32:04,415 basehttp 2752 6392 "POST /i18n/setlang/ HTTP/1.1" 302 0
INFO 2025-10-06 22:32:04,429 basehttp 2752 6392 "GET /pt/ HTTP/1.1" 200 33971
INFO 2025-10-06 22:32:06,465 basehttp 2752 6392 "GET /pt/ HTTP/1.1" 200 33971
INFO 2025-10-06 22:32:14,108 basehttp 2752 27660 "POST /i18n/setlang/ HTTP/1.1" 302 0
INFO 2025-10-06 22:32:14,127 basehttp 2752 27660 "GET /pt/ HTTP/1.1" 200 33971
INFO 2025-10-06 22:32:17,942 basehttp 2752 27660 "POST /i18n/setlang/ HTTP/1.1" 302 0
INFO 2025-10-06 22:32:17,963 basehttp 2752 27660 "GET /pt/ HTTP/1.1" 200 33971
INFO 2025-10-06 22:32:28,377 basehttp 2752 28300 "GET /pt/ HTTP/1.1" 200 33971
WARNING 2025-10-06 22:32:30,811 log 2752 28300 Not Found: /favicon.ico
WARNING 2025-10-06 22:32:30,811 basehttp 2752 28300 "GET /favicon.ico HTTP/1.1" 404 4990
INFO 2025-10-06 22:32:33,498 basehttp 2752 448 "POST /i18n/setlang/ HTTP/1.1" 302 0
INFO 2025-10-06 22:32:33,511 basehttp 2752 448 "GET /pt/ HTTP/1.1" 200 33971
INFO 2025-10-06 22:32:38,092 basehttp 2752 448 "POST /i18n/setlang/ HTTP/1.1" 302 0
INFO 2025-10-06 22:32:38,112 basehttp 2752 448 "GET /pt/ HTTP/1.1" 200 33971
INFO 2025-10-06 22:32:42,266 basehttp 2752 448 "POST /i18n/setlang/ HTTP/1.1" 302 0
INFO 2025-10-06 22:32:42,299 basehttp 2752 448 "GET /pt/ HTTP/1.1" 200 33971
INFO 2025-10-06 22:34:49,470 basehttp 2752 23704 "GET /pt/ HTTP/1.1" 200 33989
INFO 2025-10-06 22:34:51,933 basehttp 2752 23704 "POST /i18n/setlang/ HTTP/1.1" 302 0
INFO 2025-10-06 22:34:51,943 basehttp 2752 23704 "GET /de/ HTTP/1.1" 200 34163
INFO 2025-10-06 22:35:08,437 basehttp 2752 23704 "POST /i18n/setlang/ HTTP/1.1" 302 0
INFO 2025-10-06 22:35:08,466 basehttp 2752 23704 "GET /id/ HTTP/1.1" 200 33665
INFO 2025-10-06 22:35:20,088 basehttp 2752 23704 "POST /i18n/setlang/ HTTP/1.1" 302 0
INFO 2025-10-06 22:35:20,107 basehttp 2752 23704 "GET /tr/ HTTP/1.1" 200 33882
INFO 2025-10-06 22:35:35,011 basehttp 2752 23704 "POST /i18n/setlang/ HTTP/1.1" 302 0
INFO 2025-10-06 22:35:35,039 basehttp 2752 23704 "GET / HTTP/1.1" 200 33223
INFO 2025-10-06 22:35:42,690 basehttp 2752 23704 "POST /i18n/setlang/ HTTP/1.1" 302 0
INFO 2025-10-06 22:35:42,742 basehttp 2752 23704 "GET /es/ HTTP/1.1" 200 33857
INFO 2025-10-06 22:35:55,214 basehttp 2752 23704 "POST /i18n/setlang/ HTTP/1.1" 302 0
INFO 2025-10-06 22:35:55,233 basehttp 2752 23704 "GET /fr/ HTTP/1.1" 200 34264
INFO 2025-10-06 22:39:36,057 basehttp 2752 30248 "GET /fr/ HTTP/1.1" 200 35222
INFO 2025-10-06 22:39:38,340 basehttp 2752 30248 "POST /i18n/setlang/ HTTP/1.1" 302 0
INFO 2025-10-06 22:39:38,385 basehttp 2752 30248 "GET / HTTP/1.1" 200 34181
INFO 2025-10-06 22:41:50,828 basehttp 2752 22720 "GET / HTTP/1.1" 200 34181
INFO 2025-10-06 22:41:52,490 basehttp 2752 22720 "POST /i18n/setlang/ HTTP/1.1" 302 0
INFO 2025-10-06 22:41:52,502 basehttp 2752 22720 "GET /pt/ HTTP/1.1" 200 34947
INFO 2025-10-06 22:42:11,007 basehttp 2752 17564 "GET /pt/ HTTP/1.1" 200 34947
INFO 2025-10-06 22:42:15,497 basehttp 2752 9800 "GET /pt/ HTTP/1.1" 200 34947
INFO 2025-10-06 22:43:28,438 autoreload 7348 5744 Watching for file changes with StatReloader
INFO 2025-10-06 22:43:34,193 basehttp 7348 10896 "GET /pt/ HTTP/1.1" 200 34947
INFO 2025-10-06 22:43:38,346 basehttp 7348 10896 "GET /pt/ HTTP/1.1" 200 34947
INFO 2025-10-06 22:46:56,532 basehttp 7348 18780 "GET /pt/ HTTP/1.1" 200 34947
INFO 2025-10-06 22:49:36,714 autoreload 23656 22424 Watching for file changes with StatReloader
INFO 2025-10-06 22:49:40,822 basehttp 23656 21892 "GET /pt/ HTTP/1.1" 200 37767
INFO 2025-10-06 22:49:54,177 basehttp 23656 15164 "POST /i18n/setlang/ HTTP/1.1" 302 0
INFO 2025-10-06 22:49:54,202 basehttp 23656 15164 "GET /es/ HTTP/1.1" 200 34907
INFO 2025-10-06 22:50:02,916 basehttp 23656 28432 "POST /i18n/setlang/ HTTP/1.1" 302 0
INFO 2025-10-06 22:50:02,939 basehttp 23656 28432 "GET /de/ HTTP/1.1" 200 35238
INFO 2025-10-06 22:50:08,128 basehttp 23656 19480 "POST /i18n/setlang/ HTTP/1.1" 302 0
INFO 2025-10-06 22:50:08,177 basehttp 23656 19480 "GET /id/ HTTP/1.1" 200 34656
INFO 2025-10-06 22:50:14,167 basehttp 23656 19480 "POST /i18n/setlang/ HTTP/1.1" 302 0
INFO 2025-10-06 22:50:14,215 basehttp 23656 19480 "GET /fr/ HTTP/1.1" 200 35325
INFO 2025-10-06 22:50:19,742 basehttp 23656 27108 "POST /i18n/setlang/ HTTP/1.1" 302 0
INFO 2025-10-06 22:50:19,759 basehttp 23656 27108 "GET /tr/ HTTP/1.1" 200 34931
INFO 2025-10-06 22:59:21,101 basehttp 23656 22492 "GET /tr/ HTTP/1.1" 200 34931
INFO 2025-10-06 22:59:24,586 basehttp 23656 22492 "POST /i18n/setlang/ HTTP/1.1" 302 0
INFO 2025-10-06 22:59:24,646 basehttp 23656 22492 "GET / HTTP/1.1" 200 34181
INFO 2025-10-06 23:02:35,145 basehttp 23656 2784 "GET / HTTP/1.1" 200 50216
INFO 2025-10-06 23:02:45,700 basehttp 23656 7240 "GET /es/ HTTP/1.1" 200 51047
INFO 2025-10-06 23:03:01,681 basehttp 23656 29220 "GET / HTTP/1.1" 200 50216
INFO 2025-10-06 23:03:22,057 basehttp 23656 17116 "GET /contact-us/ HTTP/1.1" 200 52522
INFO 2025-10-06 23:03:29,229 basehttp 23656 17116 "GET / HTTP/1.1" 200 50216
INFO 2025-10-06 23:03:45,123 basehttp 23656 10620 "GET /pt/ HTTP/1.1" 200 54059
INFO 2025-10-06 23:07:34,799 basehttp 23656 21808 "GET /pt/ HTTP/1.1" 200 54293
INFO 2025-10-06 23:07:40,229 basehttp 23656 21808 "GET /de/ HTTP/1.1" 200 51610
INFO 2025-10-06 23:07:53,438 basehttp 23656 20260 "GET /de/ HTTP/1.1" 200 51847
INFO 2025-10-06 23:07:59,791 basehttp 23656 20260 "GET /tr/ HTTP/1.1" 200 51559
INFO 2025-10-06 23:11:44,860 basehttp 23656 14056 "GET /tr/ HTTP/1.1" 200 51559
INFO 2025-10-06 23:11:49,233 basehttp 23656 14056 "GET / HTTP/1.1" 200 50687
INFO 2025-10-07 14:05:44,842 autoreload 33280 16996 Watching for file changes with StatReloader
INFO 2025-10-07 14:05:49,792 basehttp 33280 24768 "GET / HTTP/1.1" 200 50687
INFO 2025-10-07 14:05:54,231 basehttp 33280 17816 "GET /de/ HTTP/1.1" 200 51847
